<?xml version="1.0" encoding="UTF-8"?>
<coverage generated="1607285538018" clover="3.2.0">
  <project timestamp="1607285538018" name="All files">
    <metrics statements="416" coveredstatements="325" conditionals="329" coveredconditionals="245" methods="50" coveredmethods="42" elements="795" coveredelements="612" complexity="0" loc="416" ncloc="416" packages="2" files="6" classes="6"/>
    <package name="lib">
      <metrics statements="184" coveredstatements="129" conditionals="115" coveredconditionals="83" methods="29" coveredmethods="22"/>
      <file name="cli.js" path="/mnt/d/filip/Desktop/stuff/VS/INF_Ing_2roc_1sem/ESS/Zadanie/swagger-js-codegen/lib/cli.js">
        <metrics statements="31" coveredstatements="0" conditionals="4" coveredconditionals="0" methods="4" coveredmethods="0"/>
        <line num="1" count="0" type="stmt"/>
        <line num="2" count="0" type="stmt"/>
        <line num="3" count="0" type="stmt"/>
        <line num="4" count="0" type="stmt"/>
        <line num="5" count="0" type="stmt"/>
        <line num="7" count="0" type="stmt"/>
        <line num="20" count="0" type="stmt"/>
        <line num="21" count="0" type="stmt"/>
        <line num="22" count="0" type="stmt"/>
        <line num="23" count="0" type="stmt"/>
        <line num="25" count="0" type="stmt"/>
        <line num="27" count="0" type="cond" truecount="0" falsecount="2"/>
        <line num="29" count="0" type="stmt"/>
        <line num="30" count="0" type="stmt"/>
        <line num="31" count="0" type="stmt"/>
        <line num="35" count="0" type="stmt"/>
        <line num="37" count="0" type="stmt"/>
        <line num="38" count="0" type="stmt"/>
        <line num="42" count="0" type="stmt"/>
        <line num="44" count="0" type="cond" truecount="0" falsecount="2"/>
        <line num="45" count="0" type="stmt"/>
        <line num="47" count="0" type="stmt"/>
        <line num="48" count="0" type="stmt"/>
        <line num="49" count="0" type="stmt"/>
        <line num="51" count="0" type="stmt"/>
        <line num="55" count="0" type="stmt"/>
        <line num="56" count="0" type="stmt"/>
        <line num="59" count="0" type="stmt"/>
        <line num="60" count="0" type="stmt"/>
        <line num="65" count="0" type="stmt"/>
        <line num="67" count="0" type="stmt"/>
      </file>
      <file name="codegen.js" path="/mnt/d/filip/Desktop/stuff/VS/INF_Ing_2roc_1sem/ESS/Zadanie/swagger-js-codegen/lib/codegen.js">
        <metrics statements="36" coveredstatements="33" conditionals="27" coveredconditionals="18" methods="2" coveredmethods="2"/>
        <line num="3" count="2" type="stmt"/>
        <line num="4" count="2" type="stmt"/>
        <line num="5" count="2" type="stmt"/>
        <line num="6" count="2" type="stmt"/>
        <line num="7" count="2" type="stmt"/>
        <line num="8" count="2" type="stmt"/>
        <line num="9" count="2" type="stmt"/>
        <line num="11" count="2" type="stmt"/>
        <line num="12" count="5" type="stmt"/>
        <line num="13" count="5" type="cond" truecount="2" falsecount="0"/>
        <line num="14" count="1" type="stmt"/>
        <line num="17" count="4" type="stmt"/>
        <line num="19" count="4" type="stmt"/>
        <line num="25" count="2" type="stmt"/>
        <line num="26" count="4" type="stmt"/>
        <line num="28" count="4" type="stmt"/>
        <line num="29" count="4" type="cond" truecount="2" falsecount="0"/>
        <line num="30" count="2" type="stmt"/>
        <line num="31" count="2" type="cond" truecount="1" falsecount="1"/>
        <line num="32" count="2" type="stmt"/>
        <line num="34" count="4" type="cond" truecount="1" falsecount="1"/>
        <line num="35" count="0" type="cond" truecount="0" falsecount="2"/>
        <line num="40" count="0" type="stmt"/>
        <line num="45" count="4" type="cond" truecount="1" falsecount="1"/>
        <line num="46" count="4" type="stmt"/>
        <line num="48" count="4" type="stmt"/>
        <line num="49" count="4" type="stmt"/>
        <line num="55" count="4" type="stmt"/>
        <line num="61" count="4" type="cond" truecount="2" falsecount="0"/>
        <line num="62" count="2" type="stmt"/>
        <line num="68" count="4" type="cond" truecount="1" falsecount="1"/>
        <line num="69" count="0" type="stmt"/>
        <line num="72" count="4" type="stmt"/>
        <line num="74" count="4" type="stmt"/>
        <line num="81" count="2" type="stmt"/>
        <line num="82" count="2" type="stmt"/>
      </file>
      <file name="typescript.js" path="/mnt/d/filip/Desktop/stuff/VS/INF_Ing_2roc_1sem/ESS/Zadanie/swagger-js-codegen/lib/typescript.js">
        <metrics statements="71" coveredstatements="62" conditionals="51" coveredconditionals="43" methods="9" coveredmethods="8"/>
        <line num="3" count="2" type="stmt"/>
        <line num="15" count="288" type="stmt"/>
        <line num="21" count="288" type="cond" truecount="2" falsecount="0"/>
        <line num="22" count="60" type="stmt"/>
        <line num="23" count="228" type="cond" truecount="2" falsecount="0"/>
        <line num="24" count="6" type="stmt"/>
        <line num="25" count="6" type="stmt"/>
        <line num="28" count="222" type="cond" truecount="2" falsecount="0"/>
        <line num="29" count="4" type="stmt"/>
        <line num="31" count="8" type="stmt"/>
        <line num="34" count="4" type="stmt"/>
        <line num="35" count="4" type="stmt"/>
        <line num="36" count="218" type="cond" truecount="4" falsecount="0"/>
        <line num="37" count="2" type="stmt"/>
        <line num="38" count="216" type="cond" truecount="2" falsecount="0"/>
        <line num="39" count="2" type="stmt"/>
        <line num="40" count="214" type="cond" truecount="2" falsecount="0"/>
        <line num="41" count="100" type="stmt"/>
        <line num="42" count="114" type="cond" truecount="4" falsecount="0"/>
        <line num="43" count="16" type="stmt"/>
        <line num="44" count="98" type="cond" truecount="1" falsecount="1"/>
        <line num="45" count="0" type="stmt"/>
        <line num="46" count="98" type="cond" truecount="2" falsecount="0"/>
        <line num="47" count="22" type="stmt"/>
        <line num="48" count="22" type="stmt"/>
        <line num="49" count="76" type="cond" truecount="2" falsecount="0"/>
        <line num="50" count="20" type="stmt"/>
        <line num="52" count="40" type="cond" truecount="2" falsecount="0"/>
        <line num="53" count="10" type="stmt"/>
        <line num="55" count="30" type="cond" truecount="3" falsecount="1"/>
        <line num="56" count="0" type="stmt"/>
        <line num="58" count="30" type="stmt"/>
        <line num="61" count="20" type="stmt"/>
        <line num="62" count="20" type="stmt"/>
        <line num="67" count="56" type="cond" truecount="1" falsecount="1"/>
        <line num="72" count="0" type="stmt"/>
        <line num="74" count="56" type="stmt"/>
        <line num="75" count="56" type="stmt"/>
        <line num="76" count="56" type="cond" truecount="2" falsecount="0"/>
        <line num="78" count="2" type="stmt"/>
        <line num="79" count="2" type="stmt"/>
        <line num="80" count="4" type="cond" truecount="2" falsecount="0"/>
        <line num="81" count="2" type="stmt"/>
        <line num="82" count="2" type="stmt"/>
        <line num="87" count="2" type="stmt"/>
        <line num="88" count="4" type="cond" truecount="1" falsecount="1"/>
        <line num="89" count="0" type="stmt"/>
        <line num="90" count="0" type="stmt"/>
        <line num="91" count="0" type="stmt"/>
        <line num="95" count="0" type="cond" truecount="0" falsecount="2"/>
        <line num="96" count="0" type="stmt"/>
        <line num="97" count="0" type="stmt"/>
        <line num="104" count="4" type="stmt"/>
        <line num="107" count="4" type="stmt"/>
        <line num="108" count="4" type="cond" truecount="2" falsecount="0"/>
        <line num="109" count="2" type="stmt"/>
        <line num="111" count="4" type="stmt"/>
        <line num="114" count="4" type="stmt"/>
        <line num="122" count="56" type="stmt"/>
        <line num="123" count="104" type="stmt"/>
        <line num="124" count="104" type="stmt"/>
        <line num="126" count="104" type="stmt"/>
        <line num="127" count="104" type="cond" truecount="2" falsecount="0"/>
        <line num="131" count="14" type="stmt"/>
        <line num="134" count="104" type="stmt"/>
        <line num="143" count="228" type="stmt"/>
        <line num="144" count="228" type="stmt"/>
        <line num="145" count="228" type="stmt"/>
        <line num="146" count="228" type="stmt"/>
        <line num="150" count="228" type="stmt"/>
        <line num="153" count="2" type="stmt"/>
      </file>
      <file name="utilities.js" path="/mnt/d/filip/Desktop/stuff/VS/INF_Ing_2roc_1sem/ESS/Zadanie/swagger-js-codegen/lib/utilities.js">
        <metrics statements="46" coveredstatements="34" conditionals="33" coveredconditionals="22" methods="14" coveredmethods="12"/>
        <line num="2" count="48" type="stmt"/>
        <line num="6" count="46" type="cond" truecount="1" falsecount="1"/>
        <line num="7" count="46" type="stmt"/>
        <line num="8" count="48" type="stmt"/>
        <line num="11" count="0" type="stmt"/>
        <line num="15" count="4" type="cond" truecount="2" falsecount="0"/>
        <line num="16" count="2" type="stmt"/>
        <line num="18" count="2" type="cond" truecount="1" falsecount="1"/>
        <line num="22" count="2" type="cond" truecount="1" falsecount="1"/>
        <line num="23" count="2" type="stmt"/>
        <line num="26" count="0" type="stmt"/>
        <line num="30" count="9" type="stmt"/>
        <line num="32" count="24" type="stmt"/>
        <line num="34" count="46" type="stmt"/>
        <line num="35" count="46" type="cond" truecount="2" falsecount="0"/>
        <line num="36" count="37" type="stmt"/>
        <line num="38" count="46" type="cond" truecount="2" falsecount="0"/>
        <line num="39" count="43" type="stmt"/>
        <line num="41" count="3" type="stmt"/>
        <line num="43" count="46" type="stmt"/>
        <line num="45" count="24" type="stmt"/>
        <line num="47" count="26" type="stmt"/>
        <line num="49" count="9" type="stmt"/>
        <line num="50" count="24" type="stmt"/>
        <line num="51" count="46" type="stmt"/>
        <line num="52" count="46" type="cond" truecount="4" falsecount="0"/>
        <line num="53" count="44" type="stmt"/>
        <line num="55" count="2" type="stmt"/>
        <line num="58" count="24" type="cond" truecount="2" falsecount="0"/>
        <line num="65" count="2" type="stmt"/>
        <line num="68" count="22" type="stmt"/>
        <line num="71" count="9" type="stmt"/>
        <line num="76" count="3" type="stmt"/>
        <line num="77" count="18" type="stmt"/>
        <line num="80" count="3" type="stmt"/>
        <line num="81" count="0" type="cond" truecount="0" falsecount="4"/>
        <line num="82" count="0" type="stmt"/>
        <line num="86" count="0" type="stmt"/>
        <line num="88" count="0" type="stmt"/>
        <line num="89" count="0" type="stmt"/>
        <line num="90" count="0" type="cond" truecount="0" falsecount="4"/>
        <line num="91" count="0" type="stmt"/>
        <line num="96" count="0" type="stmt"/>
        <line num="98" count="0" type="stmt"/>
        <line num="99" count="0" type="stmt"/>
        <line num="102" count="3" type="stmt"/>
      </file>
    </package>
    <package name="lib.views">
      <metrics statements="232" coveredstatements="196" conditionals="214" coveredconditionals="162" methods="21" coveredmethods="20"/>
      <file name="swagger2.js" path="/mnt/d/filip/Desktop/stuff/VS/INF_Ing_2roc_1sem/ESS/Zadanie/swagger-js-codegen/lib/views/swagger2.js">
        <metrics statements="107" coveredstatements="92" conditionals="98" coveredconditionals="77" methods="10" coveredmethods="10"/>
        <line num="1" count="2" type="stmt"/>
        <line num="2" count="2" type="stmt"/>
        <line num="3" count="2" type="stmt"/>
        <line num="4" count="2" type="stmt"/>
        <line num="6" count="2" type="stmt"/>
        <line num="7" count="2" type="stmt"/>
        <line num="8" count="2" type="stmt"/>
        <line num="9" count="2" type="stmt"/>
        <line num="25" count="2" type="stmt"/>
        <line num="45" count="2" type="stmt"/>
        <line num="46" count="6" type="stmt"/>
        <line num="51" count="6" type="stmt"/>
        <line num="52" count="14" type="cond" truecount="2" falsecount="0"/>
        <line num="53" count="2" type="stmt"/>
        <line num="56" count="6" type="stmt"/>
        <line num="57" count="14" type="stmt"/>
        <line num="58" count="14" type="cond" truecount="4" falsecount="0"/>
        <line num="59" count="6" type="stmt"/>
        <line num="61" count="8" type="stmt"/>
        <line num="62" count="8" type="cond" truecount="1" falsecount="1"/>
        <line num="66" count="8" type="stmt"/>
        <line num="68" count="4" type="stmt"/>
        <line num="71" count="8" type="cond" truecount="1" falsecount="1"/>
        <line num="72" count="8" type="stmt"/>
        <line num="73" count="8" type="cond" truecount="2" falsecount="0"/>
        <line num="74" count="4" type="stmt"/>
        <line num="79" count="8" type="cond" truecount="1" falsecount="1"/>
        <line num="83" count="8" type="cond" truecount="1" falsecount="1"/>
        <line num="84" count="0" type="stmt"/>
        <line num="85" count="0" type="stmt"/>
        <line num="86" count="0" type="cond" truecount="0" falsecount="2"/>
        <line num="87" count="0" type="stmt"/>
        <line num="89" count="0" type="stmt"/>
        <line num="90" count="0" type="stmt"/>
        <line num="95" count="8" type="stmt"/>
        <line num="97" count="8" type="stmt"/>
        <line num="114" count="8" type="cond" truecount="4" falsecount="0"/>
        <line num="115" count="4" type="stmt"/>
        <line num="117" count="8" type="cond" truecount="3" falsecount="1"/>
        <line num="118" count="0" type="stmt"/>
        <line num="120" count="8" type="cond" truecount="3" falsecount="1"/>
        <line num="121" count="0" type="stmt"/>
        <line num="123" count="8" type="cond" truecount="2" falsecount="0"/>
        <line num="124" count="8" type="cond" truecount="2" falsecount="0"/>
        <line num="125" count="6" type="stmt"/>
        <line num="126" count="6" type="stmt"/>
        <line num="133" count="8" type="cond" truecount="2" falsecount="0"/>
        <line num="134" count="8" type="cond" truecount="2" falsecount="0"/>
        <line num="135" count="4" type="stmt"/>
        <line num="136" count="4" type="stmt"/>
        <line num="143" count="8" type="stmt"/>
        <line num="144" count="8" type="cond" truecount="2" falsecount="0"/>
        <line num="145" count="6" type="stmt"/>
        <line num="147" count="8" type="stmt"/>
        <line num="148" count="8" type="stmt"/>
        <line num="149" count="8" type="stmt"/>
        <line num="150" count="8" type="stmt"/>
        <line num="152" count="26" type="cond" truecount="1" falsecount="1"/>
        <line num="153" count="0" type="stmt"/>
        <line num="158" count="26" type="cond" truecount="2" falsecount="2"/>
        <line num="159" count="0" type="stmt"/>
        <line num="161" count="26" type="cond" truecount="2" falsecount="0"/>
        <line num="162" count="2" type="stmt"/>
        <line num="163" count="2" type="stmt"/>
        <line num="168" count="26" type="stmt"/>
        <line num="169" count="26" type="cond" truecount="3" falsecount="1"/>
        <line num="170" count="0" type="stmt"/>
        <line num="171" count="0" type="stmt"/>
        <line num="173" count="26" type="cond" truecount="2" falsecount="0"/>
        <line num="174" count="2" type="stmt"/>
        <line num="175" count="2" type="stmt"/>
        <line num="176" count="24" type="cond" truecount="2" falsecount="0"/>
        <line num="177" count="12" type="stmt"/>
        <line num="178" count="12" type="cond" truecount="2" falsecount="0"/>
        <line num="179" count="10" type="cond" truecount="1" falsecount="1"/>
        <line num="180" count="0" type="stmt"/>
        <line num="181" count="0" type="stmt"/>
        <line num="183" count="10" type="stmt"/>
        <line num="184" count="2" type="cond" truecount="1" falsecount="1"/>
        <line num="185" count="0" type="stmt"/>
        <line num="186" count="2" type="cond" truecount="1" falsecount="1"/>
        <line num="187" count="2" type="stmt"/>
        <line num="188" count="2" type="stmt"/>
        <line num="189" count="2" type="stmt"/>
        <line num="193" count="26" type="cond" truecount="2" falsecount="0"/>
        <line num="194" count="2" type="stmt"/>
        <line num="197" count="26" type="stmt"/>
        <line num="199" count="26" type="cond" truecount="2" falsecount="0"/>
        <line num="201" count="26" type="cond" truecount="4" falsecount="0"/>
        <line num="202" count="6" type="stmt"/>
        <line num="205" count="26" type="stmt"/>
        <line num="207" count="26" type="stmt"/>
        <line num="210" count="8" type="cond" truecount="2" falsecount="0"/>
        <line num="212" count="8" type="stmt"/>
        <line num="213" count="8" type="stmt"/>
        <line num="214" count="8" type="stmt"/>
        <line num="215" count="8" type="stmt"/>
        <line num="216" count="18" type="cond" truecount="4" falsecount="0"/>
        <line num="217" count="6" type="stmt"/>
        <line num="221" count="18" type="stmt"/>
        <line num="223" count="8" type="cond" truecount="2" falsecount="0"/>
        <line num="224" count="6" type="stmt"/>
        <line num="226" count="8" type="stmt"/>
        <line num="230" count="2" type="stmt"/>
        <line num="231" count="2" type="stmt"/>
        <line num="238" count="2" type="stmt"/>
        <line num="241" count="2" type="stmt"/>
      </file>
      <file name="swagger3.js" path="/mnt/d/filip/Desktop/stuff/VS/INF_Ing_2roc_1sem/ESS/Zadanie/swagger-js-codegen/lib/views/swagger3.js">
        <metrics statements="125" coveredstatements="104" conditionals="116" coveredconditionals="85" methods="11" coveredmethods="10"/>
        <line num="1" count="2" type="stmt"/>
        <line num="2" count="2" type="stmt"/>
        <line num="3" count="2" type="stmt"/>
        <line num="4" count="2" type="stmt"/>
        <line num="6" count="2" type="stmt"/>
        <line num="7" count="2" type="stmt"/>
        <line num="8" count="2" type="stmt"/>
        <line num="9" count="2" type="stmt"/>
        <line num="27" count="2" type="cond" truecount="3" falsecount="1"/>
        <line num="31" count="2" type="stmt"/>
        <line num="51" count="2" type="stmt"/>
        <line num="52" count="8" type="stmt"/>
        <line num="57" count="8" type="stmt"/>
        <line num="58" count="18" type="cond" truecount="2" falsecount="0"/>
        <line num="59" count="2" type="stmt"/>
        <line num="62" count="8" type="stmt"/>
        <line num="63" count="18" type="stmt"/>
        <line num="64" count="18" type="cond" truecount="4" falsecount="0"/>
        <line num="65" count="8" type="stmt"/>
        <line num="67" count="10" type="stmt"/>
        <line num="68" count="10" type="cond" truecount="1" falsecount="1"/>
        <line num="72" count="10" type="stmt"/>
        <line num="74" count="4" type="stmt"/>
        <line num="77" count="10" type="cond" truecount="1" falsecount="1"/>
        <line num="78" count="10" type="stmt"/>
        <line num="79" count="10" type="cond" truecount="2" falsecount="0"/>
        <line num="80" count="4" type="stmt"/>
        <line num="85" count="10" type="cond" truecount="1" falsecount="1"/>
        <line num="89" count="10" type="cond" truecount="1" falsecount="1"/>
        <line num="90" count="0" type="stmt"/>
        <line num="91" count="0" type="stmt"/>
        <line num="92" count="0" type="cond" truecount="0" falsecount="2"/>
        <line num="93" count="0" type="stmt"/>
        <line num="95" count="0" type="stmt"/>
        <line num="96" count="0" type="stmt"/>
        <line num="101" count="10" type="stmt"/>
        <line num="103" count="10" type="stmt"/>
        <line num="120" count="10" type="cond" truecount="4" falsecount="0"/>
        <line num="121" count="4" type="stmt"/>
        <line num="123" count="10" type="cond" truecount="3" falsecount="1"/>
        <line num="124" count="0" type="stmt"/>
        <line num="125" count="0" type="stmt"/>
        <line num="127" count="0" type="stmt"/>
        <line num="131" count="10" type="cond" truecount="3" falsecount="1"/>
        <line num="132" count="0" type="stmt"/>
        <line num="136" count="10" type="stmt"/>
        <line num="137" count="10" type="cond" truecount="2" falsecount="0"/>
        <line num="138" count="2" type="stmt"/>
        <line num="140" count="10" type="stmt"/>
        <line num="142" count="10" type="stmt"/>
        <line num="143" count="10" type="stmt"/>
        <line num="145" count="10" type="cond" truecount="2" falsecount="0"/>
        <line num="146" count="4" type="stmt"/>
        <line num="147" count="4" type="stmt"/>
        <line num="148" count="4" type="cond" truecount="1" falsecount="1"/>
        <line num="150" count="4" type="stmt"/>
        <line num="151" count="4" type="stmt"/>
        <line num="156" count="4" type="cond" truecount="2" falsecount="0"/>
        <line num="157" count="2" type="stmt"/>
        <line num="158" count="2" type="cond" truecount="1" falsecount="1"/>
        <line num="159" count="2" type="stmt"/>
        <line num="160" count="0" type="cond" truecount="0" falsecount="2"/>
        <line num="163" count="0" type="stmt"/>
        <line num="165" count="4" type="stmt"/>
        <line num="167" count="4" type="stmt"/>
        <line num="171" count="4" type="cond" truecount="2" falsecount="0"/>
        <line num="172" count="2" type="stmt"/>
        <line num="177" count="10" type="stmt"/>
        <line num="178" count="10" type="stmt"/>
        <line num="180" count="26" type="cond" truecount="1" falsecount="1"/>
        <line num="181" count="0" type="stmt"/>
        <line num="186" count="26" type="cond" truecount="2" falsecount="2"/>
        <line num="187" count="0" type="stmt"/>
        <line num="189" count="26" type="cond" truecount="2" falsecount="0"/>
        <line num="190" count="2" type="stmt"/>
        <line num="191" count="2" type="stmt"/>
        <line num="196" count="26" type="stmt"/>
        <line num="197" count="26" type="cond" truecount="2" falsecount="2"/>
        <line num="198" count="0" type="stmt"/>
        <line num="199" count="0" type="stmt"/>
        <line num="201" count="26" type="cond" truecount="2" falsecount="0"/>
        <line num="202" count="12" type="stmt"/>
        <line num="203" count="14" type="cond" truecount="2" falsecount="0"/>
        <line num="204" count="10" type="cond" truecount="1" falsecount="1"/>
        <line num="205" count="0" type="stmt"/>
        <line num="207" count="10" type="stmt"/>
        <line num="208" count="10" type="stmt"/>
        <line num="209" count="4" type="cond" truecount="1" falsecount="1"/>
        <line num="210" count="0" type="stmt"/>
        <line num="211" count="0" type="stmt"/>
        <line num="212" count="4" type="cond" truecount="1" falsecount="1"/>
        <line num="213" count="0" type="stmt"/>
        <line num="215" count="26" type="cond" truecount="2" falsecount="0"/>
        <line num="216" count="2" type="stmt"/>
        <line num="218" count="26" type="stmt"/>
        <line num="219" count="26" type="stmt"/>
        <line num="224" count="26" type="stmt"/>
        <line num="226" count="26" type="cond" truecount="2" falsecount="0"/>
        <line num="228" count="26" type="cond" truecount="4" falsecount="0"/>
        <line num="229" count="2" type="stmt"/>
        <line num="231" count="26" type="stmt"/>
        <line num="234" count="10" type="cond" truecount="2" falsecount="0"/>
        <line num="235" count="10" type="stmt"/>
        <line num="236" count="10" type="stmt"/>
        <line num="237" count="10" type="stmt"/>
        <line num="238" count="10" type="stmt"/>
        <line num="239" count="10" type="stmt"/>
        <line num="240" count="10" type="stmt"/>
        <line num="241" count="16" type="stmt"/>
        <line num="242" count="16" type="stmt"/>
        <line num="243" count="16" type="stmt"/>
        <line num="244" count="16" type="cond" truecount="1" falsecount="1"/>
        <line num="245" count="16" type="cond" truecount="4" falsecount="0"/>
        <line num="246" count="8" type="stmt"/>
        <line num="251" count="0" type="stmt"/>
        <line num="257" count="10" type="stmt"/>
        <line num="258" count="10" type="stmt"/>
        <line num="263" count="10" type="cond" truecount="2" falsecount="0"/>
        <line num="264" count="8" type="stmt"/>
        <line num="266" count="10" type="stmt"/>
        <line num="271" count="2" type="cond" truecount="3" falsecount="1"/>
        <line num="275" count="2" type="stmt"/>
        <line num="276" count="2" type="stmt"/>
        <line num="283" count="2" type="stmt"/>
        <line num="286" count="2" type="stmt"/>
      </file>
    </package>
  </project>
</coverage>
