{"/mnt/d/filip/Desktop/stuff/VS/INF_Ing_2roc_1sem/ESS/Zadanie/swagger-js-codegen/lib/cli.js": {"path":"/mnt/d/filip/Desktop/stuff/VS/INF_Ing_2roc_1sem/ESS/Zadanie/swagger-js-codegen/lib/cli.js","statementMap":{"0":{"start":{"line":1,"column":11},"end":{"line":1,"column":24}},"1":{"start":{"line":2,"column":20},"end":{"line":2,"column":40}},"2":{"start":{"line":3,"column":16},"end":{"line":3,"column":29}},"3":{"start":{"line":4,"column":32},"end":{"line":4,"column":76}},"4":{"start":{"line":5,"column":14},"end":{"line":5,"column":41}},"5":{"start":{"line":7,"column":0},"end":{"line":63,"column":5}},"6":{"start":{"line":20,"column":17},"end":{"line":20,"column":22}},"7":{"start":{"line":21,"column":4},"end":{"line":26,"column":5}},"8":{"start":{"line":22,"column":6},"end":{"line":22,"column":37}},"9":{"start":{"line":23,"column":6},"end":{"line":23,"column":55}},"10":{"start":{"line":25,"column":6},"end":{"line":25,"column":21}},"11":{"start":{"line":27,"column":4},"end":{"line":62,"column":5}},"12":{"start":{"line":29,"column":26},"end":{"line":29,"column":70}},"13":{"start":{"line":30,"column":6},"end":{"line":39,"column":7}},"14":{"start":{"line":31,"column":24},"end":{"line":34,"column":9}},"15":{"start":{"line":35,"column":8},"end":{"line":35,"column":38}},"16":{"start":{"line":37,"column":8},"end":{"line":37,"column":50}},"17":{"start":{"line":38,"column":8},"end":{"line":38,"column":24}},"18":{"start":{"line":42,"column":6},"end":{"line":61,"column":11}},"19":{"start":{"line":44,"column":10},"end":{"line":46,"column":11}},"20":{"start":{"line":45,"column":12},"end":{"line":45,"column":35}},"21":{"start":{"line":47,"column":10},"end":{"line":52,"column":11}},"22":{"start":{"line":48,"column":25},"end":{"line":48,"column":40}},"23":{"start":{"line":49,"column":12},"end":{"line":49,"column":50}},"24":{"start":{"line":51,"column":12},"end":{"line":51,"column":52}},"25":{"start":{"line":55,"column":26},"end":{"line":55,"column":71}},"26":{"start":{"line":56,"column":10},"end":{"line":56,"column":40}},"27":{"start":{"line":59,"column":10},"end":{"line":59,"column":52}},"28":{"start":{"line":60,"column":10},"end":{"line":60,"column":26}},"29":{"start":{"line":65,"column":0},"end":{"line":65,"column":28}},"30":{"start":{"line":67,"column":0},"end":{"line":67,"column":58}}},"fnMap":{"0":{"name":"(anonymous_0)","decl":{"start":{"line":19,"column":10},"end":{"line":19,"column":11}},"loc":{"start":{"line":19,"column":47},"end":{"line":63,"column":3}},"line":19},"1":{"name":"(anonymous_1)","decl":{"start":{"line":43,"column":14},"end":{"line":43,"column":15}},"loc":{"start":{"line":43,"column":28},"end":{"line":53,"column":9}},"line":43},"2":{"name":"(anonymous_2)","decl":{"start":{"line":54,"column":14},"end":{"line":54,"column":15}},"loc":{"start":{"line":54,"column":31},"end":{"line":57,"column":9}},"line":54},"3":{"name":"(anonymous_3)","decl":{"start":{"line":58,"column":15},"end":{"line":58,"column":16}},"loc":{"start":{"line":58,"column":22},"end":{"line":61,"column":9}},"line":58}},"branchMap":{"0":{"loc":{"start":{"line":27,"column":4},"end":{"line":62,"column":5}},"type":"if","locations":[{"start":{"line":27,"column":4},"end":{"line":62,"column":5}},{"start":{"line":27,"column":4},"end":{"line":62,"column":5}}],"line":27},"1":{"loc":{"start":{"line":44,"column":10},"end":{"line":46,"column":11}},"type":"if","locations":[{"start":{"line":44,"column":10},"end":{"line":46,"column":11}},{"start":{"line":44,"column":10},"end":{"line":46,"column":11}}],"line":44}},"s":{"0":0,"1":0,"2":0,"3":0,"4":0,"5":0,"6":0,"7":0,"8":0,"9":0,"10":0,"11":0,"12":0,"13":0,"14":0,"15":0,"16":0,"17":0,"18":0,"19":0,"20":0,"21":0,"22":0,"23":0,"24":0,"25":0,"26":0,"27":0,"28":0,"29":0,"30":0},"f":{"0":0,"1":0,"2":0,"3":0},"b":{"0":[0,0],"1":[0,0]}}
,"/mnt/d/filip/Desktop/stuff/VS/INF_Ing_2roc_1sem/ESS/Zadanie/swagger-js-codegen/lib/codegen.js": {"path":"/mnt/d/filip/Desktop/stuff/VS/INF_Ing_2roc_1sem/ESS/Zadanie/swagger-js-codegen/lib/codegen.js","statementMap":{"0":{"start":{"line":3,"column":9},"end":{"line":3,"column":22}},"1":{"start":{"line":4,"column":15},"end":{"line":4,"column":34}},"2":{"start":{"line":5,"column":15},"end":{"line":5,"column":34}},"3":{"start":{"line":6,"column":8},"end":{"line":6,"column":25}},"4":{"start":{"line":7,"column":25},"end":{"line":7,"column":71}},"5":{"start":{"line":8,"column":25},"end":{"line":8,"column":71}},"6":{"start":{"line":9,"column":18},"end":{"line":9,"column":50}},"7":{"start":{"line":11,"column":30},"end":{"line":23,"column":1}},"8":{"start":{"line":12,"column":18},"end":{"line":12,"column":51}},"9":{"start":{"line":13,"column":2},"end":{"line":15,"column":3}},"10":{"start":{"line":14,"column":4},"end":{"line":14,"column":67}},"11":{"start":{"line":17,"column":18},"end":{"line":17,"column":76}},"12":{"start":{"line":19,"column":2},"end":{"line":22,"column":4}},"13":{"start":{"line":25,"column":14},"end":{"line":79,"column":1}},"14":{"start":{"line":26,"column":15},"end":{"line":26,"column":24}},"15":{"start":{"line":28,"column":13},"end":{"line":28,"column":17}},"16":{"start":{"line":29,"column":2},"end":{"line":33,"column":3}},"17":{"start":{"line":30,"column":4},"end":{"line":30,"column":42}},"18":{"start":{"line":31,"column":9},"end":{"line":33,"column":3}},"19":{"start":{"line":32,"column":4},"end":{"line":32,"column":42}},"20":{"start":{"line":34,"column":2},"end":{"line":66,"column":3}},"21":{"start":{"line":35,"column":4},"end":{"line":43,"column":5}},"22":{"start":{"line":40,"column":6},"end":{"line":42,"column":8}},"23":{"start":{"line":45,"column":4},"end":{"line":47,"column":5}},"24":{"start":{"line":46,"column":6},"end":{"line":46,"column":25}},"25":{"start":{"line":48,"column":20},"end":{"line":48,"column":48}},"26":{"start":{"line":49,"column":4},"end":{"line":54,"column":8}},"27":{"start":{"line":55,"column":4},"end":{"line":60,"column":8}},"28":{"start":{"line":61,"column":4},"end":{"line":65,"column":5}},"29":{"start":{"line":62,"column":6},"end":{"line":64,"column":62}},"30":{"start":{"line":68,"column":2},"end":{"line":70,"column":3}},"31":{"start":{"line":69,"column":4},"end":{"line":69,"column":34}},"32":{"start":{"line":72,"column":15},"end":{"line":72,"column":72}},"33":{"start":{"line":74,"column":2},"end":{"line":78,"column":5}},"34":{"start":{"line":81,"column":0},"end":{"line":81,"column":26}},"35":{"start":{"line":82,"column":0},"end":{"line":82,"column":58}}},"fnMap":{"0":{"name":"(anonymous_0)","decl":{"start":{"line":11,"column":30},"end":{"line":11,"column":31}},"loc":{"start":{"line":11,"column":59},"end":{"line":23,"column":1}},"line":11},"1":{"name":"(anonymous_1)","decl":{"start":{"line":25,"column":14},"end":{"line":25,"column":15}},"loc":{"start":{"line":25,"column":39},"end":{"line":79,"column":1}},"line":25}},"branchMap":{"0":{"loc":{"start":{"line":13,"column":2},"end":{"line":15,"column":3}},"type":"if","locations":[{"start":{"line":13,"column":2},"end":{"line":15,"column":3}},{"start":{"line":13,"column":2},"end":{"line":15,"column":3}}],"line":13},"1":{"loc":{"start":{"line":29,"column":2},"end":{"line":33,"column":3}},"type":"if","locations":[{"start":{"line":29,"column":2},"end":{"line":33,"column":3}},{"start":{"line":29,"column":2},"end":{"line":33,"column":3}}],"line":29},"2":{"loc":{"start":{"line":31,"column":9},"end":{"line":33,"column":3}},"type":"if","locations":[{"start":{"line":31,"column":9},"end":{"line":33,"column":3}},{"start":{"line":31,"column":9},"end":{"line":33,"column":3}}],"line":31},"3":{"loc":{"start":{"line":34,"column":2},"end":{"line":66,"column":3}},"type":"if","locations":[{"start":{"line":34,"column":2},"end":{"line":66,"column":3}},{"start":{"line":34,"column":2},"end":{"line":66,"column":3}}],"line":34},"4":{"loc":{"start":{"line":35,"column":4},"end":{"line":43,"column":5}},"type":"if","locations":[{"start":{"line":35,"column":4},"end":{"line":43,"column":5}},{"start":{"line":35,"column":4},"end":{"line":43,"column":5}}],"line":35},"5":{"loc":{"start":{"line":36,"column":6},"end":{"line":38,"column":39}},"type":"binary-expr","locations":[{"start":{"line":36,"column":6},"end":{"line":36,"column":32}},{"start":{"line":37,"column":6},"end":{"line":37,"column":38}},{"start":{"line":38,"column":6},"end":{"line":38,"column":39}}],"line":36},"6":{"loc":{"start":{"line":45,"column":4},"end":{"line":47,"column":5}},"type":"if","locations":[{"start":{"line":45,"column":4},"end":{"line":47,"column":5}},{"start":{"line":45,"column":4},"end":{"line":47,"column":5}}],"line":45},"7":{"loc":{"start":{"line":50,"column":6},"end":{"line":54,"column":7}},"type":"binary-expr","locations":[{"start":{"line":50,"column":6},"end":{"line":50,"column":25}},{"start":{"line":51,"column":6},"end":{"line":54,"column":7}}],"line":50},"8":{"loc":{"start":{"line":56,"column":6},"end":{"line":60,"column":7}},"type":"binary-expr","locations":[{"start":{"line":56,"column":6},"end":{"line":56,"column":26}},{"start":{"line":57,"column":6},"end":{"line":60,"column":7}}],"line":56},"9":{"loc":{"start":{"line":61,"column":4},"end":{"line":65,"column":5}},"type":"if","locations":[{"start":{"line":61,"column":4},"end":{"line":65,"column":5}},{"start":{"line":61,"column":4},"end":{"line":65,"column":5}}],"line":61},"10":{"loc":{"start":{"line":63,"column":8},"end":{"line":64,"column":61}},"type":"binary-expr","locations":[{"start":{"line":63,"column":8},"end":{"line":63,"column":26}},{"start":{"line":64,"column":8},"end":{"line":64,"column":61}}],"line":63},"11":{"loc":{"start":{"line":68,"column":2},"end":{"line":70,"column":3}},"type":"if","locations":[{"start":{"line":68,"column":2},"end":{"line":70,"column":3}},{"start":{"line":68,"column":2},"end":{"line":70,"column":3}}],"line":68},"12":{"loc":{"start":{"line":75,"column":12},"end":{"line":75,"column":58}},"type":"cond-expr","locations":[{"start":{"line":75,"column":36},"end":{"line":75,"column":48}},{"start":{"line":75,"column":51},"end":{"line":75,"column":58}}],"line":75}},"s":{"0":2,"1":2,"2":2,"3":2,"4":2,"5":2,"6":2,"7":2,"8":5,"9":5,"10":1,"11":4,"12":4,"13":2,"14":4,"15":4,"16":4,"17":2,"18":2,"19":2,"20":4,"21":0,"22":0,"23":4,"24":4,"25":4,"26":4,"27":4,"28":4,"29":2,"30":4,"31":0,"32":4,"33":4,"34":2,"35":2},"f":{"0":5,"1":4},"b":{"0":[1,4],"1":[2,2],"2":[2,0],"3":[0,4],"4":[0,0],"5":[0,0,0],"6":[4,0],"7":[4,4],"8":[4,4],"9":[2,2],"10":[2,2],"11":[0,4],"12":[2,2]},"_coverageSchema":"1a1c01bbd47fc00a2c39e90264f33305004495a9","hash":"52375f79496f512c072a756b11ade4adeccd8f00"}
,"/mnt/d/filip/Desktop/stuff/VS/INF_Ing_2roc_1sem/ESS/Zadanie/swagger-js-codegen/lib/typescript.js": {"path":"/mnt/d/filip/Desktop/stuff/VS/INF_Ing_2roc_1sem/ESS/Zadanie/swagger-js-codegen/lib/typescript.js","statementMap":{"0":{"start":{"line":3,"column":8},"end":{"line":3,"column":25}},"1":{"start":{"line":15,"column":17},"end":{"line":19,"column":3}},"2":{"start":{"line":21,"column":2},"end":{"line":137,"column":3}},"3":{"start":{"line":22,"column":4},"end":{"line":22,"column":52}},"4":{"start":{"line":23,"column":9},"end":{"line":137,"column":3}},"5":{"start":{"line":24,"column":4},"end":{"line":24,"column":28}},"6":{"start":{"line":25,"column":4},"end":{"line":27,"column":6}},"7":{"start":{"line":28,"column":9},"end":{"line":137,"column":3}},"8":{"start":{"line":29,"column":4},"end":{"line":33,"column":19}},"9":{"start":{"line":31,"column":8},"end":{"line":31,"column":35}},"10":{"start":{"line":34,"column":4},"end":{"line":34,"column":29}},"11":{"start":{"line":35,"column":4},"end":{"line":35,"column":27}},"12":{"start":{"line":36,"column":9},"end":{"line":137,"column":3}},"13":{"start":{"line":37,"column":4},"end":{"line":37,"column":29}},"14":{"start":{"line":38,"column":9},"end":{"line":137,"column":3}},"15":{"start":{"line":39,"column":4},"end":{"line":39,"column":29}},"16":{"start":{"line":40,"column":9},"end":{"line":137,"column":3}},"17":{"start":{"line":41,"column":4},"end":{"line":41,"column":31}},"18":{"start":{"line":42,"column":9},"end":{"line":137,"column":3}},"19":{"start":{"line":43,"column":4},"end":{"line":43,"column":31}},"20":{"start":{"line":44,"column":9},"end":{"line":137,"column":3}},"21":{"start":{"line":45,"column":4},"end":{"line":45,"column":32}},"22":{"start":{"line":46,"column":9},"end":{"line":137,"column":3}},"23":{"start":{"line":47,"column":4},"end":{"line":47,"column":30}},"24":{"start":{"line":48,"column":4},"end":{"line":48,"column":67}},"25":{"start":{"line":49,"column":9},"end":{"line":137,"column":3}},"26":{"start":{"line":50,"column":4},"end":{"line":60,"column":17}},"27":{"start":{"line":52,"column":8},"end":{"line":54,"column":9}},"28":{"start":{"line":53,"column":10},"end":{"line":53,"column":76}},"29":{"start":{"line":55,"column":8},"end":{"line":57,"column":9}},"30":{"start":{"line":56,"column":10},"end":{"line":56,"column":26}},"31":{"start":{"line":58,"column":8},"end":{"line":58,"column":17}},"32":{"start":{"line":61,"column":4},"end":{"line":61,"column":29}},"33":{"start":{"line":62,"column":4},"end":{"line":62,"column":27}},"34":{"start":{"line":67,"column":4},"end":{"line":136,"column":5}},"35":{"start":{"line":72,"column":6},"end":{"line":72,"column":30}},"36":{"start":{"line":74,"column":6},"end":{"line":74,"column":33}},"37":{"start":{"line":75,"column":6},"end":{"line":75,"column":31}},"38":{"start":{"line":76,"column":6},"end":{"line":120,"column":7}},"39":{"start":{"line":78,"column":28},"end":{"line":78,"column":30}},"40":{"start":{"line":79,"column":8},"end":{"line":85,"column":11}},"41":{"start":{"line":80,"column":10},"end":{"line":84,"column":11}},"42":{"start":{"line":81,"column":12},"end":{"line":83,"column":15}},"43":{"start":{"line":82,"column":14},"end":{"line":82,"column":51}},"44":{"start":{"line":87,"column":8},"end":{"line":119,"column":11}},"45":{"start":{"line":88,"column":10},"end":{"line":118,"column":11}},"46":{"start":{"line":89,"column":30},"end":{"line":89,"column":49}},"47":{"start":{"line":90,"column":23},"end":{"line":90,"column":58}},"48":{"start":{"line":91,"column":12},"end":{"line":102,"column":15}},"49":{"start":{"line":95,"column":14},"end":{"line":101,"column":15}},"50":{"start":{"line":96,"column":31},"end":{"line":96,"column":63}},"51":{"start":{"line":97,"column":16},"end":{"line":100,"column":18}},"52":{"start":{"line":104,"column":27},"end":{"line":104,"column":52}},"53":{"start":{"line":107,"column":12},"end":{"line":112,"column":15}},"54":{"start":{"line":108,"column":14},"end":{"line":110,"column":15}},"55":{"start":{"line":109,"column":16},"end":{"line":109,"column":38}},"56":{"start":{"line":111,"column":14},"end":{"line":111,"column":26}},"57":{"start":{"line":114,"column":12},"end":{"line":117,"column":14}},"58":{"start":{"line":122,"column":6},"end":{"line":135,"column":9}},"59":{"start":{"line":123,"column":23},"end":{"line":123,"column":57}},"60":{"start":{"line":124,"column":8},"end":{"line":124,"column":37}},"61":{"start":{"line":126,"column":8},"end":{"line":126,"column":33}},"62":{"start":{"line":127,"column":8},"end":{"line":132,"column":9}},"63":{"start":{"line":131,"column":10},"end":{"line":131,"column":36}},"64":{"start":{"line":134,"column":8},"end":{"line":134,"column":43}},"65":{"start":{"line":143,"column":2},"end":{"line":143,"column":45}},"66":{"start":{"line":144,"column":2},"end":{"line":144,"column":51}},"67":{"start":{"line":145,"column":2},"end":{"line":145,"column":49}},"68":{"start":{"line":146,"column":2},"end":{"line":148,"column":80}},"69":{"start":{"line":150,"column":2},"end":{"line":150,"column":18}},"70":{"start":{"line":153,"column":0},"end":{"line":153,"column":41}}},"fnMap":{"0":{"name":"convertType","decl":{"start":{"line":14,"column":9},"end":{"line":14,"column":20}},"loc":{"start":{"line":14,"column":43},"end":{"line":151,"column":1}},"line":14},"1":{"name":"(anonymous_1)","decl":{"start":{"line":30,"column":11},"end":{"line":30,"column":12}},"loc":{"start":{"line":30,"column":25},"end":{"line":32,"column":7}},"line":30},"2":{"name":"(anonymous_2)","decl":{"start":{"line":51,"column":11},"end":{"line":51,"column":12}},"loc":{"start":{"line":51,"column":16},"end":{"line":59,"column":7}},"line":51},"3":{"name":"(anonymous_3)","decl":{"start":{"line":79,"column":37},"end":{"line":79,"column":38}},"loc":{"start":{"line":79,"column":51},"end":{"line":85,"column":9}},"line":79},"4":{"name":"(anonymous_4)","decl":{"start":{"line":81,"column":33},"end":{"line":81,"column":34}},"loc":{"start":{"line":81,"column":53},"end":{"line":83,"column":13}},"line":81},"5":{"name":"(anonymous_5)","decl":{"start":{"line":87,"column":37},"end":{"line":87,"column":38}},"loc":{"start":{"line":87,"column":51},"end":{"line":119,"column":9}},"line":87},"6":{"name":"(anonymous_6)","decl":{"start":{"line":91,"column":43},"end":{"line":91,"column":44}},"loc":{"start":{"line":94,"column":14},"end":{"line":102,"column":13}},"line":94},"7":{"name":"(anonymous_7)","decl":{"start":{"line":107,"column":58},"end":{"line":107,"column":59}},"loc":{"start":{"line":107,"column":66},"end":{"line":112,"column":13}},"line":107},"8":{"name":"(anonymous_8)","decl":{"start":{"line":122,"column":40},"end":{"line":122,"column":41}},"loc":{"start":{"line":122,"column":77},"end":{"line":135,"column":7}},"line":122}},"branchMap":{"0":{"loc":{"start":{"line":21,"column":2},"end":{"line":137,"column":3}},"type":"if","locations":[{"start":{"line":21,"column":2},"end":{"line":137,"column":3}},{"start":{"line":21,"column":2},"end":{"line":137,"column":3}}],"line":21},"1":{"loc":{"start":{"line":23,"column":9},"end":{"line":137,"column":3}},"type":"if","locations":[{"start":{"line":23,"column":9},"end":{"line":137,"column":3}},{"start":{"line":23,"column":9},"end":{"line":137,"column":3}}],"line":23},"2":{"loc":{"start":{"line":28,"column":9},"end":{"line":137,"column":3}},"type":"if","locations":[{"start":{"line":28,"column":9},"end":{"line":137,"column":3}},{"start":{"line":28,"column":9},"end":{"line":137,"column":3}}],"line":28},"3":{"loc":{"start":{"line":36,"column":9},"end":{"line":137,"column":3}},"type":"if","locations":[{"start":{"line":36,"column":9},"end":{"line":137,"column":3}},{"start":{"line":36,"column":9},"end":{"line":137,"column":3}}],"line":36},"4":{"loc":{"start":{"line":36,"column":13},"end":{"line":36,"column":77}},"type":"binary-expr","locations":[{"start":{"line":36,"column":13},"end":{"line":36,"column":42}},{"start":{"line":36,"column":46},"end":{"line":36,"column":77}}],"line":36},"5":{"loc":{"start":{"line":38,"column":9},"end":{"line":137,"column":3}},"type":"if","locations":[{"start":{"line":38,"column":9},"end":{"line":137,"column":3}},{"start":{"line":38,"column":9},"end":{"line":137,"column":3}}],"line":38},"6":{"loc":{"start":{"line":40,"column":9},"end":{"line":137,"column":3}},"type":"if","locations":[{"start":{"line":40,"column":9},"end":{"line":137,"column":3}},{"start":{"line":40,"column":9},"end":{"line":137,"column":3}}],"line":40},"7":{"loc":{"start":{"line":42,"column":9},"end":{"line":137,"column":3}},"type":"if","locations":[{"start":{"line":42,"column":9},"end":{"line":137,"column":3}},{"start":{"line":42,"column":9},"end":{"line":137,"column":3}}],"line":42},"8":{"loc":{"start":{"line":42,"column":13},"end":{"line":42,"column":76}},"type":"binary-expr","locations":[{"start":{"line":42,"column":13},"end":{"line":42,"column":42}},{"start":{"line":42,"column":46},"end":{"line":42,"column":76}}],"line":42},"9":{"loc":{"start":{"line":44,"column":9},"end":{"line":137,"column":3}},"type":"if","locations":[{"start":{"line":44,"column":9},"end":{"line":137,"column":3}},{"start":{"line":44,"column":9},"end":{"line":137,"column":3}}],"line":44},"10":{"loc":{"start":{"line":46,"column":9},"end":{"line":137,"column":3}},"type":"if","locations":[{"start":{"line":46,"column":9},"end":{"line":137,"column":3}},{"start":{"line":46,"column":9},"end":{"line":137,"column":3}}],"line":46},"11":{"loc":{"start":{"line":49,"column":9},"end":{"line":137,"column":3}},"type":"if","locations":[{"start":{"line":49,"column":9},"end":{"line":137,"column":3}},{"start":{"line":49,"column":9},"end":{"line":137,"column":3}}],"line":49},"12":{"loc":{"start":{"line":52,"column":8},"end":{"line":54,"column":9}},"type":"if","locations":[{"start":{"line":52,"column":8},"end":{"line":54,"column":9}},{"start":{"line":52,"column":8},"end":{"line":54,"column":9}}],"line":52},"13":{"loc":{"start":{"line":55,"column":8},"end":{"line":57,"column":9}},"type":"if","locations":[{"start":{"line":55,"column":8},"end":{"line":57,"column":9}},{"start":{"line":55,"column":8},"end":{"line":57,"column":9}}],"line":55},"14":{"loc":{"start":{"line":55,"column":12},"end":{"line":55,"column":45}},"type":"binary-expr","locations":[{"start":{"line":55,"column":12},"end":{"line":55,"column":26}},{"start":{"line":55,"column":30},"end":{"line":55,"column":45}}],"line":55},"15":{"loc":{"start":{"line":67,"column":4},"end":{"line":136,"column":5}},"type":"if","locations":[{"start":{"line":67,"column":4},"end":{"line":136,"column":5}},{"start":{"line":67,"column":4},"end":{"line":136,"column":5}}],"line":67},"16":{"loc":{"start":{"line":68,"column":6},"end":{"line":70,"column":23}},"type":"binary-expr","locations":[{"start":{"line":68,"column":6},"end":{"line":68,"column":31}},{"start":{"line":69,"column":6},"end":{"line":69,"column":41}},{"start":{"line":70,"column":6},"end":{"line":70,"column":23}}],"line":68},"17":{"loc":{"start":{"line":76,"column":6},"end":{"line":120,"column":7}},"type":"if","locations":[{"start":{"line":76,"column":6},"end":{"line":120,"column":7}},{"start":{"line":76,"column":6},"end":{"line":120,"column":7}}],"line":76},"18":{"loc":{"start":{"line":80,"column":10},"end":{"line":84,"column":11}},"type":"if","locations":[{"start":{"line":80,"column":10},"end":{"line":84,"column":11}},{"start":{"line":80,"column":10},"end":{"line":84,"column":11}}],"line":80},"19":{"loc":{"start":{"line":88,"column":10},"end":{"line":118,"column":11}},"type":"if","locations":[{"start":{"line":88,"column":10},"end":{"line":118,"column":11}},{"start":{"line":88,"column":10},"end":{"line":118,"column":11}}],"line":88},"20":{"loc":{"start":{"line":95,"column":14},"end":{"line":101,"column":15}},"type":"if","locations":[{"start":{"line":95,"column":14},"end":{"line":101,"column":15}},{"start":{"line":95,"column":14},"end":{"line":101,"column":15}}],"line":95},"21":{"loc":{"start":{"line":108,"column":14},"end":{"line":110,"column":15}},"type":"if","locations":[{"start":{"line":108,"column":14},"end":{"line":110,"column":15}},{"start":{"line":108,"column":14},"end":{"line":110,"column":15}}],"line":108},"22":{"loc":{"start":{"line":127,"column":8},"end":{"line":132,"column":9}},"type":"if","locations":[{"start":{"line":127,"column":8},"end":{"line":132,"column":9}},{"start":{"line":127,"column":8},"end":{"line":132,"column":9}}],"line":127},"23":{"loc":{"start":{"line":128,"column":10},"end":{"line":129,"column":59}},"type":"binary-expr","locations":[{"start":{"line":128,"column":10},"end":{"line":128,"column":30}},{"start":{"line":129,"column":10},"end":{"line":129,"column":59}}],"line":128},"24":{"loc":{"start":{"line":147,"column":4},"end":{"line":148,"column":79}},"type":"binary-expr","locations":[{"start":{"line":147,"column":4},"end":{"line":147,"column":21}},{"start":{"line":148,"column":4},"end":{"line":148,"column":79}}],"line":147}},"s":{"0":2,"1":288,"2":288,"3":60,"4":228,"5":6,"6":6,"7":222,"8":4,"9":8,"10":4,"11":4,"12":218,"13":2,"14":216,"15":2,"16":214,"17":100,"18":114,"19":16,"20":98,"21":0,"22":98,"23":22,"24":22,"25":76,"26":20,"27":40,"28":10,"29":30,"30":0,"31":30,"32":20,"33":20,"34":56,"35":0,"36":56,"37":56,"38":56,"39":2,"40":2,"41":4,"42":2,"43":2,"44":2,"45":4,"46":0,"47":0,"48":0,"49":0,"50":0,"51":0,"52":4,"53":4,"54":4,"55":2,"56":4,"57":4,"58":56,"59":104,"60":104,"61":104,"62":104,"63":14,"64":104,"65":228,"66":228,"67":228,"68":228,"69":228,"70":2},"f":{"0":288,"1":8,"2":40,"3":4,"4":2,"5":4,"6":0,"7":4,"8":104},"b":{"0":[60,228],"1":[6,222],"2":[4,218],"3":[2,216],"4":[218,102],"5":[2,214],"6":[100,114],"7":[16,98],"8":[114,114],"9":[0,98],"10":[22,76],"11":[20,56],"12":[10,30],"13":[0,30],"14":[30,30],"15":[0,56],"16":[56,0,0],"17":[2,54],"18":[2,2],"19":[0,4],"20":[0,0],"21":[2,2],"22":[14,90],"23":[104,32],"24":[228,204]},"_coverageSchema":"1a1c01bbd47fc00a2c39e90264f33305004495a9","hash":"e6048c72b561f6dc69d9941332278858399cb3c7"}
,"/mnt/d/filip/Desktop/stuff/VS/INF_Ing_2roc_1sem/ESS/Zadanie/swagger-js-codegen/lib/utilities.js": {"path":"/mnt/d/filip/Desktop/stuff/VS/INF_Ing_2roc_1sem/ESS/Zadanie/swagger-js-codegen/lib/utilities.js","statementMap":{"0":{"start":{"line":2,"column":2},"end":{"line":2,"column":70}},"1":{"start":{"line":6,"column":2},"end":{"line":10,"column":3}},"2":{"start":{"line":7,"column":4},"end":{"line":9,"column":7}},"3":{"start":{"line":8,"column":6},"end":{"line":8,"column":43}},"4":{"start":{"line":11,"column":2},"end":{"line":11,"column":35}},"5":{"start":{"line":15,"column":2},"end":{"line":17,"column":3}},"6":{"start":{"line":16,"column":4},"end":{"line":16,"column":13}},"7":{"start":{"line":18,"column":2},"end":{"line":25,"column":3}},"8":{"start":{"line":22,"column":4},"end":{"line":24,"column":5}},"9":{"start":{"line":23,"column":6},"end":{"line":23,"column":15}},"10":{"start":{"line":26,"column":2},"end":{"line":26,"column":14}},"11":{"start":{"line":30,"column":23},"end":{"line":47,"column":19}},"12":{"start":{"line":32,"column":28},"end":{"line":43,"column":23}},"13":{"start":{"line":34,"column":21},"end":{"line":34,"column":53}},"14":{"start":{"line":35,"column":10},"end":{"line":37,"column":11}},"15":{"start":{"line":36,"column":12},"end":{"line":36,"column":31}},"16":{"start":{"line":38,"column":10},"end":{"line":40,"column":11}},"17":{"start":{"line":39,"column":12},"end":{"line":39,"column":59}},"18":{"start":{"line":41,"column":10},"end":{"line":41,"column":22}},"19":{"start":{"line":43,"column":21},"end":{"line":43,"column":22}},"20":{"start":{"line":45,"column":6},"end":{"line":45,"column":42}},"21":{"start":{"line":47,"column":17},"end":{"line":47,"column":18}},"22":{"start":{"line":49,"column":19},"end":{"line":69,"column":8}},"23":{"start":{"line":50,"column":24},"end":{"line":56,"column":10}},"24":{"start":{"line":51,"column":16},"end":{"line":51,"column":43}},"25":{"start":{"line":52,"column":6},"end":{"line":54,"column":7}},"26":{"start":{"line":53,"column":8},"end":{"line":53,"column":49}},"27":{"start":{"line":55,"column":6},"end":{"line":55,"column":15}},"28":{"start":{"line":58,"column":4},"end":{"line":66,"column":5}},"29":{"start":{"line":65,"column":6},"end":{"line":65,"column":24}},"30":{"start":{"line":68,"column":4},"end":{"line":68,"column":62}},"31":{"start":{"line":71,"column":2},"end":{"line":73,"column":5}},"32":{"start":{"line":76,"column":20},"end":{"line":78,"column":1}},"33":{"start":{"line":77,"column":2},"end":{"line":77,"column":44}},"34":{"start":{"line":80,"column":26},"end":{"line":100,"column":1}},"35":{"start":{"line":81,"column":2},"end":{"line":83,"column":3}},"36":{"start":{"line":82,"column":4},"end":{"line":82,"column":13}},"37":{"start":{"line":86,"column":18},"end":{"line":86,"column":41}},"38":{"start":{"line":88,"column":17},"end":{"line":88,"column":46}},"39":{"start":{"line":89,"column":2},"end":{"line":97,"column":5}},"40":{"start":{"line":90,"column":4},"end":{"line":95,"column":5}},"41":{"start":{"line":91,"column":6},"end":{"line":94,"column":49}},"42":{"start":{"line":96,"column":4},"end":{"line":96,"column":25}},"43":{"start":{"line":98,"column":15},"end":{"line":98,"column":46}},"44":{"start":{"line":99,"column":2},"end":{"line":99,"column":73}},"45":{"start":{"line":102,"column":0},"end":{"line":107,"column":2}}},"fnMap":{"0":{"name":"matchRuleShort","decl":{"start":{"line":1,"column":9},"end":{"line":1,"column":23}},"loc":{"start":{"line":1,"column":35},"end":{"line":3,"column":1}},"line":1},"1":{"name":"filterTagsF","decl":{"start":{"line":5,"column":9},"end":{"line":5,"column":20}},"loc":{"start":{"line":5,"column":32},"end":{"line":12,"column":1}},"line":5},"2":{"name":"(anonymous_2)","decl":{"start":{"line":7,"column":21},"end":{"line":7,"column":22}},"loc":{"start":{"line":7,"column":33},"end":{"line":9,"column":5}},"line":7},"3":{"name":"getVersion","decl":{"start":{"line":14,"column":9},"end":{"line":14,"column":19}},"loc":{"start":{"line":14,"column":39},"end":{"line":27,"column":1}},"line":14},"4":{"name":"filterSwaggerPathsByTags","decl":{"start":{"line":29,"column":9},"end":{"line":29,"column":33}},"loc":{"start":{"line":29,"column":57},"end":{"line":74,"column":1}},"line":29},"5":{"name":"(anonymous_5)","decl":{"start":{"line":31,"column":12},"end":{"line":31,"column":13}},"loc":{"start":{"line":31,"column":29},"end":{"line":46,"column":5}},"line":31},"6":{"name":"(anonymous_6)","decl":{"start":{"line":33,"column":13},"end":{"line":33,"column":14}},"loc":{"start":{"line":33,"column":23},"end":{"line":42,"column":9}},"line":33},"7":{"name":"(anonymous_7)","decl":{"start":{"line":43,"column":16},"end":{"line":43,"column":17}},"loc":{"start":{"line":43,"column":21},"end":{"line":43,"column":22}},"line":43},"8":{"name":"(anonymous_8)","decl":{"start":{"line":47,"column":12},"end":{"line":47,"column":13}},"loc":{"start":{"line":47,"column":17},"end":{"line":47,"column":18}},"line":47},"9":{"name":"(anonymous_9)","decl":{"start":{"line":49,"column":53},"end":{"line":49,"column":54}},"loc":{"start":{"line":49,"column":75},"end":{"line":69,"column":3}},"line":49},"10":{"name":"(anonymous_10)","decl":{"start":{"line":50,"column":64},"end":{"line":50,"column":65}},"loc":{"start":{"line":50,"column":79},"end":{"line":56,"column":5}},"line":50},"11":{"name":"(anonymous_11)","decl":{"start":{"line":76,"column":20},"end":{"line":76,"column":21}},"loc":{"start":{"line":76,"column":33},"end":{"line":78,"column":1}},"line":76},"12":{"name":"(anonymous_12)","decl":{"start":{"line":80,"column":26},"end":{"line":80,"column":27}},"loc":{"start":{"line":80,"column":50},"end":{"line":100,"column":1}},"line":80},"13":{"name":"(anonymous_13)","decl":{"start":{"line":89,"column":35},"end":{"line":89,"column":36}},"loc":{"start":{"line":89,"column":61},"end":{"line":97,"column":3}},"line":89}},"branchMap":{"0":{"loc":{"start":{"line":6,"column":2},"end":{"line":10,"column":3}},"type":"if","locations":[{"start":{"line":6,"column":2},"end":{"line":10,"column":3}},{"start":{"line":6,"column":2},"end":{"line":10,"column":3}}],"line":6},"1":{"loc":{"start":{"line":15,"column":2},"end":{"line":17,"column":3}},"type":"if","locations":[{"start":{"line":15,"column":2},"end":{"line":17,"column":3}},{"start":{"line":15,"column":2},"end":{"line":17,"column":3}}],"line":15},"2":{"loc":{"start":{"line":18,"column":2},"end":{"line":25,"column":3}},"type":"if","locations":[{"start":{"line":18,"column":2},"end":{"line":25,"column":3}},{"start":{"line":18,"column":2},"end":{"line":25,"column":3}}],"line":18},"3":{"loc":{"start":{"line":19,"column":4},"end":{"line":20,"column":49}},"type":"binary-expr","locations":[{"start":{"line":19,"column":4},"end":{"line":19,"column":29}},{"start":{"line":20,"column":4},"end":{"line":20,"column":49}}],"line":19},"4":{"loc":{"start":{"line":22,"column":4},"end":{"line":24,"column":5}},"type":"if","locations":[{"start":{"line":22,"column":4},"end":{"line":24,"column":5}},{"start":{"line":22,"column":4},"end":{"line":24,"column":5}}],"line":22},"5":{"loc":{"start":{"line":35,"column":10},"end":{"line":37,"column":11}},"type":"if","locations":[{"start":{"line":35,"column":10},"end":{"line":37,"column":11}},{"start":{"line":35,"column":10},"end":{"line":37,"column":11}}],"line":35},"6":{"loc":{"start":{"line":38,"column":10},"end":{"line":40,"column":11}},"type":"if","locations":[{"start":{"line":38,"column":10},"end":{"line":40,"column":11}},{"start":{"line":38,"column":10},"end":{"line":40,"column":11}}],"line":38},"7":{"loc":{"start":{"line":52,"column":6},"end":{"line":54,"column":7}},"type":"if","locations":[{"start":{"line":52,"column":6},"end":{"line":54,"column":7}},{"start":{"line":52,"column":6},"end":{"line":54,"column":7}}],"line":52},"8":{"loc":{"start":{"line":52,"column":10},"end":{"line":52,"column":64}},"type":"binary-expr","locations":[{"start":{"line":52,"column":10},"end":{"line":52,"column":24}},{"start":{"line":52,"column":28},"end":{"line":52,"column":64}}],"line":52},"9":{"loc":{"start":{"line":58,"column":4},"end":{"line":66,"column":5}},"type":"if","locations":[{"start":{"line":58,"column":4},"end":{"line":66,"column":5}},{"start":{"line":58,"column":4},"end":{"line":66,"column":5}}],"line":58},"10":{"loc":{"start":{"line":59,"column":6},"end":{"line":63,"column":24}},"type":"binary-expr","locations":[{"start":{"line":59,"column":6},"end":{"line":59,"column":22}},{"start":{"line":60,"column":6},"end":{"line":60,"column":23}},{"start":{"line":61,"column":6},"end":{"line":61,"column":22}},{"start":{"line":62,"column":6},"end":{"line":62,"column":25}},{"start":{"line":63,"column":6},"end":{"line":63,"column":24}}],"line":59},"11":{"loc":{"start":{"line":81,"column":2},"end":{"line":83,"column":3}},"type":"if","locations":[{"start":{"line":81,"column":2},"end":{"line":83,"column":3}},{"start":{"line":81,"column":2},"end":{"line":83,"column":3}}],"line":81},"12":{"loc":{"start":{"line":81,"column":6},"end":{"line":81,"column":33}},"type":"binary-expr","locations":[{"start":{"line":81,"column":6},"end":{"line":81,"column":18}},{"start":{"line":81,"column":22},"end":{"line":81,"column":33}}],"line":81},"13":{"loc":{"start":{"line":90,"column":4},"end":{"line":95,"column":5}},"type":"if","locations":[{"start":{"line":90,"column":4},"end":{"line":95,"column":5}},{"start":{"line":90,"column":4},"end":{"line":95,"column":5}}],"line":90},"14":{"loc":{"start":{"line":90,"column":8},"end":{"line":90,"column":65}},"type":"binary-expr","locations":[{"start":{"line":90,"column":8},"end":{"line":90,"column":26}},{"start":{"line":90,"column":30},"end":{"line":90,"column":65}}],"line":90}},"s":{"0":48,"1":46,"2":46,"3":48,"4":0,"5":4,"6":2,"7":2,"8":2,"9":2,"10":0,"11":9,"12":24,"13":46,"14":46,"15":37,"16":46,"17":43,"18":3,"19":46,"20":24,"21":26,"22":9,"23":24,"24":46,"25":46,"26":44,"27":2,"28":24,"29":2,"30":22,"31":9,"32":3,"33":18,"34":3,"35":0,"36":0,"37":0,"38":0,"39":0,"40":0,"41":0,"42":0,"43":0,"44":0,"45":3},"f":{"0":48,"1":46,"2":48,"3":4,"4":9,"5":24,"6":46,"7":46,"8":26,"9":24,"10":46,"11":18,"12":0,"13":0},"b":{"0":[46,0],"1":[2,2],"2":[2,0],"3":[2,2],"4":[2,0],"5":[37,9],"6":[43,3],"7":[44,2],"8":[46,28],"9":[2,22],"10":[24,7,2,2,2],"11":[0,0],"12":[0,0],"13":[0,0],"14":[0,0]},"_coverageSchema":"1a1c01bbd47fc00a2c39e90264f33305004495a9","hash":"b3f6dc406a9fe77298e921a69bc038da3efa00e3"}
,"/mnt/d/filip/Desktop/stuff/VS/INF_Ing_2roc_1sem/ESS/Zadanie/swagger-js-codegen/lib/views/swagger2.js": {"path":"/mnt/d/filip/Desktop/stuff/VS/INF_Ing_2roc_1sem/ESS/Zadanie/swagger-js-codegen/lib/views/swagger2.js","statementMap":{"0":{"start":{"line":1,"column":8},"end":{"line":1,"column":25}},"1":{"start":{"line":2,"column":9},"end":{"line":2,"column":33}},"2":{"start":{"line":3,"column":20},"end":{"line":3,"column":67}},"3":{"start":{"line":4,"column":26},"end":{"line":4,"column":79}},"4":{"start":{"line":6,"column":25},"end":{"line":239,"column":1}},"5":{"start":{"line":7,"column":16},"end":{"line":7,"column":28}},"6":{"start":{"line":8,"column":16},"end":{"line":8,"column":18}},"7":{"start":{"line":9,"column":26},"end":{"line":24,"column":3}},"8":{"start":{"line":25,"column":13},"end":{"line":43,"column":3}},"9":{"start":{"line":45,"column":2},"end":{"line":228,"column":5}},"10":{"start":{"line":46,"column":23},"end":{"line":46,"column":25}},"11":{"start":{"line":51,"column":4},"end":{"line":55,"column":7}},"12":{"start":{"line":52,"column":6},"end":{"line":54,"column":7}},"13":{"start":{"line":53,"column":8},"end":{"line":53,"column":26}},"14":{"start":{"line":56,"column":4},"end":{"line":227,"column":7}},"15":{"start":{"line":57,"column":14},"end":{"line":57,"column":29}},"16":{"start":{"line":58,"column":6},"end":{"line":60,"column":7}},"17":{"start":{"line":59,"column":8},"end":{"line":59,"column":15}},"18":{"start":{"line":61,"column":24},"end":{"line":61,"column":26}},"19":{"start":{"line":62,"column":6},"end":{"line":78,"column":7}},"20":{"start":{"line":66,"column":29},"end":{"line":70,"column":9}},"21":{"start":{"line":68,"column":12},"end":{"line":68,"column":41}},"22":{"start":{"line":71,"column":8},"end":{"line":77,"column":9}},"23":{"start":{"line":72,"column":10},"end":{"line":76,"column":11}},"24":{"start":{"line":73,"column":12},"end":{"line":75,"column":13}},"25":{"start":{"line":74,"column":14},"end":{"line":74,"column":69}},"26":{"start":{"line":79,"column":23},"end":{"line":81,"column":44}},"27":{"start":{"line":83,"column":6},"end":{"line":93,"column":7}},"28":{"start":{"line":84,"column":16},"end":{"line":84,"column":17}},"29":{"start":{"line":85,"column":8},"end":{"line":92,"column":9}},"30":{"start":{"line":86,"column":10},"end":{"line":91,"column":11}},"31":{"start":{"line":87,"column":12},"end":{"line":87,"column":16}},"32":{"start":{"line":89,"column":12},"end":{"line":89,"column":46}},"33":{"start":{"line":90,"column":12},"end":{"line":90,"column":18}},"34":{"start":{"line":95,"column":6},"end":{"line":95,"column":31}},"35":{"start":{"line":97,"column":19},"end":{"line":113,"column":7}},"36":{"start":{"line":114,"column":6},"end":{"line":116,"column":7}},"37":{"start":{"line":115,"column":8},"end":{"line":115,"column":50}},"38":{"start":{"line":117,"column":6},"end":{"line":119,"column":7}},"39":{"start":{"line":118,"column":8},"end":{"line":118,"column":52}},"40":{"start":{"line":120,"column":6},"end":{"line":122,"column":7}},"41":{"start":{"line":121,"column":8},"end":{"line":121,"column":50}},"42":{"start":{"line":123,"column":21},"end":{"line":123,"column":52}},"43":{"start":{"line":124,"column":6},"end":{"line":131,"column":7}},"44":{"start":{"line":125,"column":8},"end":{"line":130,"column":11}},"45":{"start":{"line":126,"column":10},"end":{"line":129,"column":13}},"46":{"start":{"line":133,"column":21},"end":{"line":133,"column":52}},"47":{"start":{"line":134,"column":6},"end":{"line":141,"column":7}},"48":{"start":{"line":135,"column":8},"end":{"line":140,"column":11}},"49":{"start":{"line":136,"column":10},"end":{"line":139,"column":13}},"50":{"start":{"line":143,"column":19},"end":{"line":143,"column":21}},"51":{"start":{"line":144,"column":6},"end":{"line":146,"column":7}},"52":{"start":{"line":145,"column":8},"end":{"line":145,"column":31}},"53":{"start":{"line":147,"column":6},"end":{"line":147,"column":43}},"54":{"start":{"line":148,"column":20},"end":{"line":148,"column":25}},"55":{"start":{"line":149,"column":27},"end":{"line":149,"column":32}},"56":{"start":{"line":150,"column":6},"end":{"line":208,"column":9}},"57":{"start":{"line":152,"column":8},"end":{"line":154,"column":9}},"58":{"start":{"line":153,"column":10},"end":{"line":153,"column":17}},"59":{"start":{"line":158,"column":8},"end":{"line":160,"column":9}},"60":{"start":{"line":159,"column":10},"end":{"line":159,"column":17}},"61":{"start":{"line":161,"column":8},"end":{"line":167,"column":9}},"62":{"start":{"line":162,"column":25},"end":{"line":162,"column":50}},"63":{"start":{"line":163,"column":10},"end":{"line":166,"column":14}},"64":{"start":{"line":168,"column":8},"end":{"line":168,"column":62}},"65":{"start":{"line":169,"column":8},"end":{"line":172,"column":9}},"66":{"start":{"line":170,"column":10},"end":{"line":170,"column":39}},"67":{"start":{"line":171,"column":10},"end":{"line":171,"column":50}},"68":{"start":{"line":173,"column":8},"end":{"line":190,"column":9}},"69":{"start":{"line":174,"column":10},"end":{"line":174,"column":25}},"70":{"start":{"line":175,"column":10},"end":{"line":175,"column":43}},"71":{"start":{"line":176,"column":15},"end":{"line":190,"column":9}},"72":{"start":{"line":177,"column":10},"end":{"line":177,"column":43}},"73":{"start":{"line":178,"column":15},"end":{"line":190,"column":9}},"74":{"start":{"line":179,"column":10},"end":{"line":182,"column":11}},"75":{"start":{"line":180,"column":12},"end":{"line":180,"column":43}},"76":{"start":{"line":181,"column":12},"end":{"line":181,"column":60}},"77":{"start":{"line":183,"column":10},"end":{"line":183,"column":44}},"78":{"start":{"line":184,"column":15},"end":{"line":190,"column":9}},"79":{"start":{"line":185,"column":10},"end":{"line":185,"column":45}},"80":{"start":{"line":186,"column":15},"end":{"line":190,"column":9}},"81":{"start":{"line":187,"column":10},"end":{"line":187,"column":43}},"82":{"start":{"line":188,"column":10},"end":{"line":188,"column":25}},"83":{"start":{"line":189,"column":10},"end":{"line":189,"column":37}},"84":{"start":{"line":193,"column":8},"end":{"line":195,"column":9}},"85":{"start":{"line":194,"column":10},"end":{"line":194,"column":58}},"86":{"start":{"line":197,"column":8},"end":{"line":197,"column":62}},"87":{"start":{"line":199,"column":8},"end":{"line":199,"column":62}},"88":{"start":{"line":201,"column":8},"end":{"line":203,"column":9}},"89":{"start":{"line":202,"column":10},"end":{"line":202,"column":32}},"90":{"start":{"line":205,"column":8},"end":{"line":205,"column":72}},"91":{"start":{"line":207,"column":8},"end":{"line":207,"column":42}},"92":{"start":{"line":210,"column":6},"end":{"line":210,"column":58}},"93":{"start":{"line":212,"column":6},"end":{"line":212,"column":31}},"94":{"start":{"line":213,"column":6},"end":{"line":213,"column":38}},"95":{"start":{"line":214,"column":6},"end":{"line":214,"column":35}},"96":{"start":{"line":215,"column":6},"end":{"line":222,"column":9}},"97":{"start":{"line":216,"column":8},"end":{"line":220,"column":9}},"98":{"start":{"line":217,"column":10},"end":{"line":219,"column":13}},"99":{"start":{"line":221,"column":8},"end":{"line":221,"column":75}},"100":{"start":{"line":223,"column":6},"end":{"line":225,"column":7}},"101":{"start":{"line":224,"column":8},"end":{"line":224,"column":80}},"102":{"start":{"line":226,"column":6},"end":{"line":226,"column":32}},"103":{"start":{"line":230,"column":2},"end":{"line":236,"column":5}},"104":{"start":{"line":231,"column":4},"end":{"line":235,"column":7}},"105":{"start":{"line":238,"column":2},"end":{"line":238,"column":14}},"106":{"start":{"line":241,"column":0},"end":{"line":241,"column":48}}},"fnMap":{"0":{"name":"(anonymous_0)","decl":{"start":{"line":6,"column":25},"end":{"line":6,"column":26}},"loc":{"start":{"line":6,"column":47},"end":{"line":239,"column":1}},"line":6},"1":{"name":"(anonymous_1)","decl":{"start":{"line":45,"column":27},"end":{"line":45,"column":28}},"loc":{"start":{"line":45,"column":48},"end":{"line":228,"column":3}},"line":45},"2":{"name":"(anonymous_2)","decl":{"start":{"line":51,"column":19},"end":{"line":51,"column":20}},"loc":{"start":{"line":51,"column":36},"end":{"line":55,"column":5}},"line":51},"3":{"name":"(anonymous_3)","decl":{"start":{"line":56,"column":19},"end":{"line":56,"column":20}},"loc":{"start":{"line":56,"column":36},"end":{"line":227,"column":5}},"line":56},"4":{"name":"(anonymous_4)","decl":{"start":{"line":67,"column":10},"end":{"line":67,"column":11}},"loc":{"start":{"line":67,"column":30},"end":{"line":69,"column":11}},"line":67},"5":{"name":"(anonymous_5)","decl":{"start":{"line":125,"column":25},"end":{"line":125,"column":26}},"loc":{"start":{"line":125,"column":42},"end":{"line":130,"column":9}},"line":125},"6":{"name":"(anonymous_6)","decl":{"start":{"line":135,"column":25},"end":{"line":135,"column":26}},"loc":{"start":{"line":135,"column":42},"end":{"line":140,"column":9}},"line":135},"7":{"name":"(anonymous_7)","decl":{"start":{"line":150,"column":24},"end":{"line":150,"column":25}},"loc":{"start":{"line":150,"column":45},"end":{"line":208,"column":7}},"line":150},"8":{"name":"(anonymous_8)","decl":{"start":{"line":215,"column":34},"end":{"line":215,"column":35}},"loc":{"start":{"line":215,"column":55},"end":{"line":222,"column":7}},"line":215},"9":{"name":"(anonymous_9)","decl":{"start":{"line":230,"column":33},"end":{"line":230,"column":34}},"loc":{"start":{"line":230,"column":61},"end":{"line":236,"column":3}},"line":230}},"branchMap":{"0":{"loc":{"start":{"line":26,"column":12},"end":{"line":26,"column":52}},"type":"binary-expr","locations":[{"start":{"line":26,"column":12},"end":{"line":26,"column":27}},{"start":{"line":26,"column":31},"end":{"line":26,"column":52}}],"line":26},"1":{"loc":{"start":{"line":27,"column":11},"end":{"line":27,"column":46}},"type":"binary-expr","locations":[{"start":{"line":27,"column":11},"end":{"line":27,"column":21}},{"start":{"line":27,"column":25},"end":{"line":27,"column":46}}],"line":27},"2":{"loc":{"start":{"line":32,"column":6},"end":{"line":40,"column":12}},"type":"cond-expr","locations":[{"start":{"line":36,"column":10},"end":{"line":39,"column":47}},{"start":{"line":40,"column":10},"end":{"line":40,"column":12}}],"line":32},"3":{"loc":{"start":{"line":32,"column":6},"end":{"line":35,"column":22}},"type":"binary-expr","locations":[{"start":{"line":32,"column":6},"end":{"line":32,"column":21}},{"start":{"line":33,"column":6},"end":{"line":33,"column":32}},{"start":{"line":34,"column":6},"end":{"line":34,"column":18}},{"start":{"line":35,"column":6},"end":{"line":35,"column":22}}],"line":32},"4":{"loc":{"start":{"line":52,"column":6},"end":{"line":54,"column":7}},"type":"if","locations":[{"start":{"line":52,"column":6},"end":{"line":54,"column":7}},{"start":{"line":52,"column":6},"end":{"line":54,"column":7}}],"line":52},"5":{"loc":{"start":{"line":58,"column":6},"end":{"line":60,"column":7}},"type":"if","locations":[{"start":{"line":58,"column":6},"end":{"line":60,"column":7}},{"start":{"line":58,"column":6},"end":{"line":60,"column":7}}],"line":58},"6":{"loc":{"start":{"line":58,"column":10},"end":{"line":58,"column":57}},"type":"binary-expr","locations":[{"start":{"line":58,"column":10},"end":{"line":58,"column":18}},{"start":{"line":58,"column":22},"end":{"line":58,"column":57}}],"line":58},"7":{"loc":{"start":{"line":62,"column":6},"end":{"line":78,"column":7}},"type":"if","locations":[{"start":{"line":62,"column":6},"end":{"line":78,"column":7}},{"start":{"line":62,"column":6},"end":{"line":78,"column":7}}],"line":62},"8":{"loc":{"start":{"line":63,"column":8},"end":{"line":64,"column":33}},"type":"binary-expr","locations":[{"start":{"line":63,"column":8},"end":{"line":63,"column":49}},{"start":{"line":64,"column":8},"end":{"line":64,"column":33}}],"line":63},"9":{"loc":{"start":{"line":71,"column":8},"end":{"line":77,"column":9}},"type":"if","locations":[{"start":{"line":71,"column":8},"end":{"line":77,"column":9}},{"start":{"line":71,"column":8},"end":{"line":77,"column":9}}],"line":71},"10":{"loc":{"start":{"line":73,"column":12},"end":{"line":75,"column":13}},"type":"if","locations":[{"start":{"line":73,"column":12},"end":{"line":75,"column":13}},{"start":{"line":73,"column":12},"end":{"line":75,"column":13}}],"line":73},"11":{"loc":{"start":{"line":79,"column":23},"end":{"line":81,"column":44}},"type":"cond-expr","locations":[{"start":{"line":80,"column":10},"end":{"line":80,"column":39}},{"start":{"line":81,"column":10},"end":{"line":81,"column":44}}],"line":79},"12":{"loc":{"start":{"line":83,"column":6},"end":{"line":93,"column":7}},"type":"if","locations":[{"start":{"line":83,"column":6},"end":{"line":93,"column":7}},{"start":{"line":83,"column":6},"end":{"line":93,"column":7}}],"line":83},"13":{"loc":{"start":{"line":86,"column":10},"end":{"line":91,"column":11}},"type":"if","locations":[{"start":{"line":86,"column":10},"end":{"line":91,"column":11}},{"start":{"line":86,"column":10},"end":{"line":91,"column":11}}],"line":86},"14":{"loc":{"start":{"line":105,"column":17},"end":{"line":105,"column":45}},"type":"binary-expr","locations":[{"start":{"line":105,"column":17},"end":{"line":105,"column":31}},{"start":{"line":105,"column":35},"end":{"line":105,"column":45}}],"line":105},"15":{"loc":{"start":{"line":107,"column":18},"end":{"line":107,"column":77}},"type":"binary-expr","locations":[{"start":{"line":107,"column":18},"end":{"line":107,"column":48}},{"start":{"line":107,"column":52},"end":{"line":107,"column":77}}],"line":107},"16":{"loc":{"start":{"line":114,"column":6},"end":{"line":116,"column":7}},"type":"if","locations":[{"start":{"line":114,"column":6},"end":{"line":116,"column":7}},{"start":{"line":114,"column":6},"end":{"line":116,"column":7}}],"line":114},"17":{"loc":{"start":{"line":114,"column":10},"end":{"line":114,"column":49}},"type":"binary-expr","locations":[{"start":{"line":114,"column":10},"end":{"line":114,"column":25}},{"start":{"line":114,"column":29},"end":{"line":114,"column":49}}],"line":114},"18":{"loc":{"start":{"line":117,"column":6},"end":{"line":119,"column":7}},"type":"if","locations":[{"start":{"line":117,"column":6},"end":{"line":119,"column":7}},{"start":{"line":117,"column":6},"end":{"line":119,"column":7}}],"line":117},"19":{"loc":{"start":{"line":117,"column":10},"end":{"line":117,"column":50}},"type":"binary-expr","locations":[{"start":{"line":117,"column":10},"end":{"line":117,"column":25}},{"start":{"line":117,"column":29},"end":{"line":117,"column":50}}],"line":117},"20":{"loc":{"start":{"line":120,"column":6},"end":{"line":122,"column":7}},"type":"if","locations":[{"start":{"line":120,"column":6},"end":{"line":122,"column":7}},{"start":{"line":120,"column":6},"end":{"line":122,"column":7}}],"line":120},"21":{"loc":{"start":{"line":120,"column":10},"end":{"line":120,"column":49}},"type":"binary-expr","locations":[{"start":{"line":120,"column":10},"end":{"line":120,"column":25}},{"start":{"line":120,"column":29},"end":{"line":120,"column":49}}],"line":120},"22":{"loc":{"start":{"line":123,"column":21},"end":{"line":123,"column":52}},"type":"binary-expr","locations":[{"start":{"line":123,"column":21},"end":{"line":123,"column":32}},{"start":{"line":123,"column":36},"end":{"line":123,"column":52}}],"line":123},"23":{"loc":{"start":{"line":124,"column":6},"end":{"line":131,"column":7}},"type":"if","locations":[{"start":{"line":124,"column":6},"end":{"line":131,"column":7}},{"start":{"line":124,"column":6},"end":{"line":131,"column":7}}],"line":124},"24":{"loc":{"start":{"line":133,"column":21},"end":{"line":133,"column":52}},"type":"binary-expr","locations":[{"start":{"line":133,"column":21},"end":{"line":133,"column":32}},{"start":{"line":133,"column":36},"end":{"line":133,"column":52}}],"line":133},"25":{"loc":{"start":{"line":134,"column":6},"end":{"line":141,"column":7}},"type":"if","locations":[{"start":{"line":134,"column":6},"end":{"line":141,"column":7}},{"start":{"line":134,"column":6},"end":{"line":141,"column":7}}],"line":134},"26":{"loc":{"start":{"line":144,"column":6},"end":{"line":146,"column":7}},"type":"if","locations":[{"start":{"line":144,"column":6},"end":{"line":146,"column":7}},{"start":{"line":144,"column":6},"end":{"line":146,"column":7}}],"line":144},"27":{"loc":{"start":{"line":152,"column":8},"end":{"line":154,"column":9}},"type":"if","locations":[{"start":{"line":152,"column":8},"end":{"line":154,"column":9}},{"start":{"line":152,"column":8},"end":{"line":154,"column":9}}],"line":152},"28":{"loc":{"start":{"line":158,"column":8},"end":{"line":160,"column":9}},"type":"if","locations":[{"start":{"line":158,"column":8},"end":{"line":160,"column":9}},{"start":{"line":158,"column":8},"end":{"line":160,"column":9}}],"line":158},"29":{"loc":{"start":{"line":158,"column":12},"end":{"line":158,"column":55}},"type":"binary-expr","locations":[{"start":{"line":158,"column":12},"end":{"line":158,"column":39}},{"start":{"line":158,"column":43},"end":{"line":158,"column":55}}],"line":158},"30":{"loc":{"start":{"line":161,"column":8},"end":{"line":167,"column":9}},"type":"if","locations":[{"start":{"line":161,"column":8},"end":{"line":167,"column":9}},{"start":{"line":161,"column":8},"end":{"line":167,"column":9}}],"line":161},"31":{"loc":{"start":{"line":165,"column":14},"end":{"line":165,"column":63}},"type":"cond-expr","locations":[{"start":{"line":165,"column":38},"end":{"line":165,"column":49}},{"start":{"line":165,"column":52},"end":{"line":165,"column":63}}],"line":165},"32":{"loc":{"start":{"line":169,"column":8},"end":{"line":172,"column":9}},"type":"if","locations":[{"start":{"line":169,"column":8},"end":{"line":172,"column":9}},{"start":{"line":169,"column":8},"end":{"line":172,"column":9}}],"line":169},"33":{"loc":{"start":{"line":169,"column":12},"end":{"line":169,"column":57}},"type":"binary-expr","locations":[{"start":{"line":169,"column":12},"end":{"line":169,"column":26}},{"start":{"line":169,"column":30},"end":{"line":169,"column":57}}],"line":169},"34":{"loc":{"start":{"line":173,"column":8},"end":{"line":190,"column":9}},"type":"if","locations":[{"start":{"line":173,"column":8},"end":{"line":190,"column":9}},{"start":{"line":173,"column":8},"end":{"line":190,"column":9}}],"line":173},"35":{"loc":{"start":{"line":176,"column":15},"end":{"line":190,"column":9}},"type":"if","locations":[{"start":{"line":176,"column":15},"end":{"line":190,"column":9}},{"start":{"line":176,"column":15},"end":{"line":190,"column":9}}],"line":176},"36":{"loc":{"start":{"line":178,"column":15},"end":{"line":190,"column":9}},"type":"if","locations":[{"start":{"line":178,"column":15},"end":{"line":190,"column":9}},{"start":{"line":178,"column":15},"end":{"line":190,"column":9}}],"line":178},"37":{"loc":{"start":{"line":179,"column":10},"end":{"line":182,"column":11}},"type":"if","locations":[{"start":{"line":179,"column":10},"end":{"line":182,"column":11}},{"start":{"line":179,"column":10},"end":{"line":182,"column":11}}],"line":179},"38":{"loc":{"start":{"line":184,"column":15},"end":{"line":190,"column":9}},"type":"if","locations":[{"start":{"line":184,"column":15},"end":{"line":190,"column":9}},{"start":{"line":184,"column":15},"end":{"line":190,"column":9}}],"line":184},"39":{"loc":{"start":{"line":186,"column":15},"end":{"line":190,"column":9}},"type":"if","locations":[{"start":{"line":186,"column":15},"end":{"line":190,"column":9}},{"start":{"line":186,"column":15},"end":{"line":190,"column":9}}],"line":186},"40":{"loc":{"start":{"line":193,"column":8},"end":{"line":195,"column":9}},"type":"if","locations":[{"start":{"line":193,"column":8},"end":{"line":195,"column":9}},{"start":{"line":193,"column":8},"end":{"line":195,"column":9}}],"line":193},"41":{"loc":{"start":{"line":199,"column":32},"end":{"line":199,"column":61}},"type":"cond-expr","locations":[{"start":{"line":199,"column":53},"end":{"line":199,"column":55}},{"start":{"line":199,"column":58},"end":{"line":199,"column":61}}],"line":199},"42":{"loc":{"start":{"line":201,"column":8},"end":{"line":203,"column":9}},"type":"if","locations":[{"start":{"line":201,"column":8},"end":{"line":203,"column":9}},{"start":{"line":201,"column":8},"end":{"line":203,"column":9}}],"line":201},"43":{"loc":{"start":{"line":201,"column":12},"end":{"line":201,"column":57}},"type":"binary-expr","locations":[{"start":{"line":201,"column":12},"end":{"line":201,"column":30}},{"start":{"line":201,"column":34},"end":{"line":201,"column":57}}],"line":201},"44":{"loc":{"start":{"line":210,"column":28},"end":{"line":210,"column":57}},"type":"cond-expr","locations":[{"start":{"line":210,"column":45},"end":{"line":210,"column":47}},{"start":{"line":210,"column":50},"end":{"line":210,"column":57}}],"line":210},"45":{"loc":{"start":{"line":216,"column":8},"end":{"line":220,"column":9}},"type":"if","locations":[{"start":{"line":216,"column":8},"end":{"line":220,"column":9}},{"start":{"line":216,"column":8},"end":{"line":220,"column":9}}],"line":216},"46":{"loc":{"start":{"line":216,"column":12},"end":{"line":216,"column":56}},"type":"binary-expr","locations":[{"start":{"line":216,"column":12},"end":{"line":216,"column":32}},{"start":{"line":216,"column":36},"end":{"line":216,"column":56}}],"line":216},"47":{"loc":{"start":{"line":223,"column":6},"end":{"line":225,"column":7}},"type":"if","locations":[{"start":{"line":223,"column":6},"end":{"line":225,"column":7}},{"start":{"line":223,"column":6},"end":{"line":225,"column":7}}],"line":223}},"s":{"0":2,"1":2,"2":2,"3":2,"4":2,"5":2,"6":2,"7":2,"8":2,"9":2,"10":6,"11":6,"12":14,"13":2,"14":6,"15":14,"16":14,"17":6,"18":8,"19":8,"20":8,"21":4,"22":8,"23":8,"24":8,"25":4,"26":8,"27":8,"28":0,"29":0,"30":0,"31":0,"32":0,"33":0,"34":8,"35":8,"36":8,"37":4,"38":8,"39":0,"40":8,"41":0,"42":8,"43":8,"44":6,"45":6,"46":8,"47":8,"48":4,"49":4,"50":8,"51":8,"52":6,"53":8,"54":8,"55":8,"56":8,"57":26,"58":0,"59":26,"60":0,"61":26,"62":2,"63":2,"64":26,"65":26,"66":0,"67":0,"68":26,"69":2,"70":2,"71":24,"72":12,"73":12,"74":10,"75":0,"76":0,"77":10,"78":2,"79":0,"80":2,"81":2,"82":2,"83":2,"84":26,"85":2,"86":26,"87":26,"88":26,"89":6,"90":26,"91":26,"92":8,"93":8,"94":8,"95":8,"96":8,"97":18,"98":6,"99":18,"100":8,"101":6,"102":8,"103":2,"104":2,"105":2,"106":2},"f":{"0":2,"1":6,"2":14,"3":14,"4":4,"5":6,"6":4,"7":26,"8":18,"9":2},"b":{"0":[2,2],"1":[2,2],"2":[0,2],"3":[2,0,0,0],"4":[2,12],"5":[6,8],"6":[14,14],"7":[8,0],"8":[8,0],"9":[8,0],"10":[4,4],"11":[8,0],"12":[0,8],"13":[0,0],"14":[8,6],"15":[8,8],"16":[4,4],"17":[8,4],"18":[0,8],"19":[8,4],"20":[0,8],"21":[8,4],"22":[8,2],"23":[6,2],"24":[8,4],"25":[4,4],"26":[6,2],"27":[0,26],"28":[0,26],"29":[26,0],"30":[2,24],"31":[0,2],"32":[0,26],"33":[26,2],"34":[2,24],"35":[12,12],"36":[10,2],"37":[0,10],"38":[0,2],"39":[2,0],"40":[2,24],"41":[18,8],"42":[6,20],"43":[26,18],"44":[6,2],"45":[6,12],"46":[18,14],"47":[6,2]},"_coverageSchema":"1a1c01bbd47fc00a2c39e90264f33305004495a9","hash":"eab3c034d95726865693f7b5131cea578813eb37"}
,"/mnt/d/filip/Desktop/stuff/VS/INF_Ing_2roc_1sem/ESS/Zadanie/swagger-js-codegen/lib/views/swagger3.js": {"path":"/mnt/d/filip/Desktop/stuff/VS/INF_Ing_2roc_1sem/ESS/Zadanie/swagger-js-codegen/lib/views/swagger3.js","statementMap":{"0":{"start":{"line":1,"column":8},"end":{"line":1,"column":25}},"1":{"start":{"line":2,"column":9},"end":{"line":2,"column":33}},"2":{"start":{"line":3,"column":20},"end":{"line":3,"column":67}},"3":{"start":{"line":4,"column":26},"end":{"line":4,"column":79}},"4":{"start":{"line":6,"column":25},"end":{"line":284,"column":1}},"5":{"start":{"line":7,"column":16},"end":{"line":7,"column":28}},"6":{"start":{"line":8,"column":16},"end":{"line":8,"column":18}},"7":{"start":{"line":9,"column":26},"end":{"line":24,"column":3}},"8":{"start":{"line":27,"column":4},"end":{"line":29,"column":17}},"9":{"start":{"line":31,"column":13},"end":{"line":49,"column":3}},"10":{"start":{"line":51,"column":2},"end":{"line":268,"column":5}},"11":{"start":{"line":52,"column":23},"end":{"line":52,"column":25}},"12":{"start":{"line":57,"column":4},"end":{"line":61,"column":7}},"13":{"start":{"line":58,"column":6},"end":{"line":60,"column":7}},"14":{"start":{"line":59,"column":8},"end":{"line":59,"column":26}},"15":{"start":{"line":62,"column":4},"end":{"line":267,"column":7}},"16":{"start":{"line":63,"column":14},"end":{"line":63,"column":29}},"17":{"start":{"line":64,"column":6},"end":{"line":66,"column":7}},"18":{"start":{"line":65,"column":8},"end":{"line":65,"column":15}},"19":{"start":{"line":67,"column":26},"end":{"line":67,"column":28}},"20":{"start":{"line":68,"column":6},"end":{"line":84,"column":7}},"21":{"start":{"line":72,"column":31},"end":{"line":76,"column":9}},"22":{"start":{"line":74,"column":12},"end":{"line":74,"column":41}},"23":{"start":{"line":77,"column":8},"end":{"line":83,"column":9}},"24":{"start":{"line":78,"column":10},"end":{"line":82,"column":11}},"25":{"start":{"line":79,"column":12},"end":{"line":81,"column":13}},"26":{"start":{"line":80,"column":14},"end":{"line":80,"column":57}},"27":{"start":{"line":85,"column":23},"end":{"line":87,"column":44}},"28":{"start":{"line":89,"column":6},"end":{"line":99,"column":7}},"29":{"start":{"line":90,"column":16},"end":{"line":90,"column":17}},"30":{"start":{"line":91,"column":8},"end":{"line":98,"column":9}},"31":{"start":{"line":92,"column":10},"end":{"line":97,"column":11}},"32":{"start":{"line":93,"column":12},"end":{"line":93,"column":16}},"33":{"start":{"line":95,"column":12},"end":{"line":95,"column":46}},"34":{"start":{"line":96,"column":12},"end":{"line":96,"column":18}},"35":{"start":{"line":101,"column":6},"end":{"line":101,"column":31}},"36":{"start":{"line":103,"column":19},"end":{"line":119,"column":7}},"37":{"start":{"line":120,"column":6},"end":{"line":122,"column":7}},"38":{"start":{"line":121,"column":8},"end":{"line":121,"column":50}},"39":{"start":{"line":123,"column":6},"end":{"line":130,"column":7}},"40":{"start":{"line":124,"column":8},"end":{"line":124,"column":52}},"41":{"start":{"line":125,"column":8},"end":{"line":129,"column":15}},"42":{"start":{"line":127,"column":19},"end":{"line":127,"column":38}},"43":{"start":{"line":131,"column":6},"end":{"line":133,"column":7}},"44":{"start":{"line":132,"column":8},"end":{"line":132,"column":50}},"45":{"start":{"line":136,"column":19},"end":{"line":136,"column":21}},"46":{"start":{"line":137,"column":6},"end":{"line":139,"column":7}},"47":{"start":{"line":138,"column":8},"end":{"line":138,"column":31}},"48":{"start":{"line":140,"column":6},"end":{"line":140,"column":43}},"49":{"start":{"line":142,"column":20},"end":{"line":142,"column":25}},"50":{"start":{"line":143,"column":27},"end":{"line":143,"column":32}},"51":{"start":{"line":145,"column":6},"end":{"line":175,"column":7}},"52":{"start":{"line":146,"column":8},"end":{"line":146,"column":23}},"53":{"start":{"line":147,"column":27},"end":{"line":147,"column":62}},"54":{"start":{"line":148,"column":8},"end":{"line":174,"column":9}},"55":{"start":{"line":150,"column":41},"end":{"line":150,"column":54}},"56":{"start":{"line":151,"column":27},"end":{"line":155,"column":11}},"57":{"start":{"line":156,"column":10},"end":{"line":164,"column":11}},"58":{"start":{"line":157,"column":12},"end":{"line":157,"column":44}},"59":{"start":{"line":158,"column":17},"end":{"line":164,"column":11}},"60":{"start":{"line":159,"column":12},"end":{"line":159,"column":44}},"61":{"start":{"line":160,"column":17},"end":{"line":164,"column":11}},"62":{"start":{"line":163,"column":12},"end":{"line":163,"column":28}},"63":{"start":{"line":165,"column":10},"end":{"line":165,"column":32}},"64":{"start":{"line":167,"column":10},"end":{"line":170,"column":13}},"65":{"start":{"line":171,"column":10},"end":{"line":173,"column":11}},"66":{"start":{"line":172,"column":12},"end":{"line":172,"column":39}},"67":{"start":{"line":177,"column":27},"end":{"line":177,"column":32}},"68":{"start":{"line":178,"column":6},"end":{"line":232,"column":9}},"69":{"start":{"line":180,"column":8},"end":{"line":182,"column":9}},"70":{"start":{"line":181,"column":10},"end":{"line":181,"column":17}},"71":{"start":{"line":186,"column":8},"end":{"line":188,"column":9}},"72":{"start":{"line":187,"column":10},"end":{"line":187,"column":17}},"73":{"start":{"line":189,"column":8},"end":{"line":195,"column":9}},"74":{"start":{"line":190,"column":25},"end":{"line":190,"column":50}},"75":{"start":{"line":191,"column":10},"end":{"line":194,"column":14}},"76":{"start":{"line":196,"column":8},"end":{"line":196,"column":62}},"77":{"start":{"line":197,"column":8},"end":{"line":200,"column":9}},"78":{"start":{"line":198,"column":10},"end":{"line":198,"column":39}},"79":{"start":{"line":199,"column":10},"end":{"line":199,"column":50}},"80":{"start":{"line":201,"column":8},"end":{"line":214,"column":9}},"81":{"start":{"line":202,"column":10},"end":{"line":202,"column":43}},"82":{"start":{"line":203,"column":15},"end":{"line":214,"column":9}},"83":{"start":{"line":204,"column":10},"end":{"line":206,"column":11}},"84":{"start":{"line":205,"column":12},"end":{"line":205,"column":43}},"85":{"start":{"line":207,"column":10},"end":{"line":207,"column":58}},"86":{"start":{"line":208,"column":10},"end":{"line":208,"column":44}},"87":{"start":{"line":209,"column":15},"end":{"line":214,"column":9}},"88":{"start":{"line":210,"column":10},"end":{"line":210,"column":45}},"89":{"start":{"line":211,"column":10},"end":{"line":211,"column":32}},"90":{"start":{"line":212,"column":15},"end":{"line":214,"column":9}},"91":{"start":{"line":213,"column":10},"end":{"line":213,"column":43}},"92":{"start":{"line":215,"column":8},"end":{"line":217,"column":9}},"93":{"start":{"line":216,"column":10},"end":{"line":216,"column":58}},"94":{"start":{"line":218,"column":8},"end":{"line":218,"column":62}},"95":{"start":{"line":219,"column":8},"end":{"line":222,"column":24}},"96":{"start":{"line":224,"column":8},"end":{"line":224,"column":72}},"97":{"start":{"line":226,"column":8},"end":{"line":226,"column":62}},"98":{"start":{"line":228,"column":8},"end":{"line":230,"column":9}},"99":{"start":{"line":229,"column":10},"end":{"line":229,"column":32}},"100":{"start":{"line":231,"column":8},"end":{"line":231,"column":42}},"101":{"start":{"line":234,"column":6},"end":{"line":234,"column":58}},"102":{"start":{"line":235,"column":6},"end":{"line":235,"column":45}},"103":{"start":{"line":236,"column":6},"end":{"line":236,"column":31}},"104":{"start":{"line":237,"column":6},"end":{"line":237,"column":38}},"105":{"start":{"line":238,"column":6},"end":{"line":238,"column":35}},"106":{"start":{"line":239,"column":30},"end":{"line":239,"column":32}},"107":{"start":{"line":240,"column":6},"end":{"line":256,"column":9}},"108":{"start":{"line":241,"column":24},"end":{"line":241,"column":40}},"109":{"start":{"line":242,"column":8},"end":{"line":255,"column":11}},"110":{"start":{"line":243,"column":10},"end":{"line":243,"column":46}},"111":{"start":{"line":244,"column":10},"end":{"line":254,"column":11}},"112":{"start":{"line":245,"column":12},"end":{"line":249,"column":13}},"113":{"start":{"line":246,"column":14},"end":{"line":248,"column":17}},"114":{"start":{"line":251,"column":12},"end":{"line":253,"column":14}},"115":{"start":{"line":257,"column":6},"end":{"line":262,"column":9}},"116":{"start":{"line":258,"column":8},"end":{"line":261,"column":11}},"117":{"start":{"line":263,"column":6},"end":{"line":265,"column":7}},"118":{"start":{"line":264,"column":8},"end":{"line":264,"column":80}},"119":{"start":{"line":266,"column":6},"end":{"line":266,"column":32}},"120":{"start":{"line":271,"column":4},"end":{"line":273,"column":10}},"121":{"start":{"line":275,"column":2},"end":{"line":281,"column":5}},"122":{"start":{"line":276,"column":4},"end":{"line":280,"column":7}},"123":{"start":{"line":283,"column":2},"end":{"line":283,"column":14}},"124":{"start":{"line":286,"column":0},"end":{"line":286,"column":48}}},"fnMap":{"0":{"name":"(anonymous_0)","decl":{"start":{"line":6,"column":25},"end":{"line":6,"column":26}},"loc":{"start":{"line":6,"column":47},"end":{"line":284,"column":1}},"line":6},"1":{"name":"(anonymous_1)","decl":{"start":{"line":51,"column":27},"end":{"line":51,"column":28}},"loc":{"start":{"line":51,"column":48},"end":{"line":268,"column":3}},"line":51},"2":{"name":"(anonymous_2)","decl":{"start":{"line":57,"column":19},"end":{"line":57,"column":20}},"loc":{"start":{"line":57,"column":36},"end":{"line":61,"column":5}},"line":57},"3":{"name":"(anonymous_3)","decl":{"start":{"line":62,"column":19},"end":{"line":62,"column":20}},"loc":{"start":{"line":62,"column":36},"end":{"line":267,"column":5}},"line":62},"4":{"name":"(anonymous_4)","decl":{"start":{"line":73,"column":57},"end":{"line":73,"column":58}},"loc":{"start":{"line":73,"column":77},"end":{"line":75,"column":11}},"line":73},"5":{"name":"(anonymous_5)","decl":{"start":{"line":127,"column":12},"end":{"line":127,"column":13}},"loc":{"start":{"line":127,"column":19},"end":{"line":127,"column":38}},"line":127},"6":{"name":"(anonymous_6)","decl":{"start":{"line":178,"column":24},"end":{"line":178,"column":25}},"loc":{"start":{"line":178,"column":45},"end":{"line":232,"column":7}},"line":178},"7":{"name":"(anonymous_7)","decl":{"start":{"line":240,"column":34},"end":{"line":240,"column":35}},"loc":{"start":{"line":240,"column":60},"end":{"line":256,"column":7}},"line":240},"8":{"name":"(anonymous_8)","decl":{"start":{"line":242,"column":27},"end":{"line":242,"column":28}},"loc":{"start":{"line":242,"column":52},"end":{"line":255,"column":9}},"line":242},"9":{"name":"(anonymous_9)","decl":{"start":{"line":257,"column":43},"end":{"line":257,"column":44}},"loc":{"start":{"line":257,"column":60},"end":{"line":262,"column":7}},"line":257},"10":{"name":"(anonymous_10)","decl":{"start":{"line":275,"column":25},"end":{"line":275,"column":26}},"loc":{"start":{"line":275,"column":53},"end":{"line":281,"column":3}},"line":275}},"branchMap":{"0":{"loc":{"start":{"line":27,"column":4},"end":{"line":29,"column":17}},"type":"cond-expr","locations":[{"start":{"line":28,"column":8},"end":{"line":28,"column":42}},{"start":{"line":29,"column":8},"end":{"line":29,"column":17}}],"line":27},"1":{"loc":{"start":{"line":27,"column":4},"end":{"line":27,"column":60}},"type":"binary-expr","locations":[{"start":{"line":27,"column":4},"end":{"line":27,"column":22}},{"start":{"line":27,"column":26},"end":{"line":27,"column":60}}],"line":27},"2":{"loc":{"start":{"line":32,"column":12},"end":{"line":32,"column":52}},"type":"binary-expr","locations":[{"start":{"line":32,"column":12},"end":{"line":32,"column":27}},{"start":{"line":32,"column":31},"end":{"line":32,"column":52}}],"line":32},"3":{"loc":{"start":{"line":33,"column":11},"end":{"line":33,"column":46}},"type":"binary-expr","locations":[{"start":{"line":33,"column":11},"end":{"line":33,"column":21}},{"start":{"line":33,"column":25},"end":{"line":33,"column":46}}],"line":33},"4":{"loc":{"start":{"line":38,"column":6},"end":{"line":46,"column":12}},"type":"cond-expr","locations":[{"start":{"line":42,"column":10},"end":{"line":45,"column":47}},{"start":{"line":46,"column":10},"end":{"line":46,"column":12}}],"line":38},"5":{"loc":{"start":{"line":38,"column":6},"end":{"line":41,"column":22}},"type":"binary-expr","locations":[{"start":{"line":38,"column":6},"end":{"line":38,"column":21}},{"start":{"line":39,"column":6},"end":{"line":39,"column":32}},{"start":{"line":40,"column":6},"end":{"line":40,"column":18}},{"start":{"line":41,"column":6},"end":{"line":41,"column":22}}],"line":38},"6":{"loc":{"start":{"line":58,"column":6},"end":{"line":60,"column":7}},"type":"if","locations":[{"start":{"line":58,"column":6},"end":{"line":60,"column":7}},{"start":{"line":58,"column":6},"end":{"line":60,"column":7}}],"line":58},"7":{"loc":{"start":{"line":64,"column":6},"end":{"line":66,"column":7}},"type":"if","locations":[{"start":{"line":64,"column":6},"end":{"line":66,"column":7}},{"start":{"line":64,"column":6},"end":{"line":66,"column":7}}],"line":64},"8":{"loc":{"start":{"line":64,"column":10},"end":{"line":64,"column":57}},"type":"binary-expr","locations":[{"start":{"line":64,"column":10},"end":{"line":64,"column":18}},{"start":{"line":64,"column":22},"end":{"line":64,"column":57}}],"line":64},"9":{"loc":{"start":{"line":68,"column":6},"end":{"line":84,"column":7}},"type":"if","locations":[{"start":{"line":68,"column":6},"end":{"line":84,"column":7}},{"start":{"line":68,"column":6},"end":{"line":84,"column":7}}],"line":68},"10":{"loc":{"start":{"line":69,"column":8},"end":{"line":70,"column":42}},"type":"binary-expr","locations":[{"start":{"line":69,"column":8},"end":{"line":69,"column":46}},{"start":{"line":70,"column":8},"end":{"line":70,"column":42}}],"line":69},"11":{"loc":{"start":{"line":77,"column":8},"end":{"line":83,"column":9}},"type":"if","locations":[{"start":{"line":77,"column":8},"end":{"line":83,"column":9}},{"start":{"line":77,"column":8},"end":{"line":83,"column":9}}],"line":77},"12":{"loc":{"start":{"line":79,"column":12},"end":{"line":81,"column":13}},"type":"if","locations":[{"start":{"line":79,"column":12},"end":{"line":81,"column":13}},{"start":{"line":79,"column":12},"end":{"line":81,"column":13}}],"line":79},"13":{"loc":{"start":{"line":85,"column":23},"end":{"line":87,"column":44}},"type":"cond-expr","locations":[{"start":{"line":86,"column":10},"end":{"line":86,"column":39}},{"start":{"line":87,"column":10},"end":{"line":87,"column":44}}],"line":85},"14":{"loc":{"start":{"line":89,"column":6},"end":{"line":99,"column":7}},"type":"if","locations":[{"start":{"line":89,"column":6},"end":{"line":99,"column":7}},{"start":{"line":89,"column":6},"end":{"line":99,"column":7}}],"line":89},"15":{"loc":{"start":{"line":92,"column":10},"end":{"line":97,"column":11}},"type":"if","locations":[{"start":{"line":92,"column":10},"end":{"line":97,"column":11}},{"start":{"line":92,"column":10},"end":{"line":97,"column":11}}],"line":92},"16":{"loc":{"start":{"line":111,"column":17},"end":{"line":111,"column":45}},"type":"binary-expr","locations":[{"start":{"line":111,"column":17},"end":{"line":111,"column":31}},{"start":{"line":111,"column":35},"end":{"line":111,"column":45}}],"line":111},"17":{"loc":{"start":{"line":113,"column":18},"end":{"line":113,"column":77}},"type":"binary-expr","locations":[{"start":{"line":113,"column":18},"end":{"line":113,"column":48}},{"start":{"line":113,"column":52},"end":{"line":113,"column":77}}],"line":113},"18":{"loc":{"start":{"line":120,"column":6},"end":{"line":122,"column":7}},"type":"if","locations":[{"start":{"line":120,"column":6},"end":{"line":122,"column":7}},{"start":{"line":120,"column":6},"end":{"line":122,"column":7}}],"line":120},"19":{"loc":{"start":{"line":120,"column":10},"end":{"line":120,"column":49}},"type":"binary-expr","locations":[{"start":{"line":120,"column":10},"end":{"line":120,"column":25}},{"start":{"line":120,"column":29},"end":{"line":120,"column":49}}],"line":120},"20":{"loc":{"start":{"line":123,"column":6},"end":{"line":130,"column":7}},"type":"if","locations":[{"start":{"line":123,"column":6},"end":{"line":130,"column":7}},{"start":{"line":123,"column":6},"end":{"line":130,"column":7}}],"line":123},"21":{"loc":{"start":{"line":123,"column":10},"end":{"line":123,"column":50}},"type":"binary-expr","locations":[{"start":{"line":123,"column":10},"end":{"line":123,"column":25}},{"start":{"line":123,"column":29},"end":{"line":123,"column":50}}],"line":123},"22":{"loc":{"start":{"line":126,"column":10},"end":{"line":128,"column":36}},"type":"binary-expr","locations":[{"start":{"line":126,"column":10},"end":{"line":128,"column":11}},{"start":{"line":128,"column":15},"end":{"line":128,"column":36}}],"line":126},"23":{"loc":{"start":{"line":131,"column":6},"end":{"line":133,"column":7}},"type":"if","locations":[{"start":{"line":131,"column":6},"end":{"line":133,"column":7}},{"start":{"line":131,"column":6},"end":{"line":133,"column":7}}],"line":131},"24":{"loc":{"start":{"line":131,"column":10},"end":{"line":131,"column":49}},"type":"binary-expr","locations":[{"start":{"line":131,"column":10},"end":{"line":131,"column":25}},{"start":{"line":131,"column":29},"end":{"line":131,"column":49}}],"line":131},"25":{"loc":{"start":{"line":137,"column":6},"end":{"line":139,"column":7}},"type":"if","locations":[{"start":{"line":137,"column":6},"end":{"line":139,"column":7}},{"start":{"line":137,"column":6},"end":{"line":139,"column":7}}],"line":137},"26":{"loc":{"start":{"line":145,"column":6},"end":{"line":175,"column":7}},"type":"if","locations":[{"start":{"line":145,"column":6},"end":{"line":175,"column":7}},{"start":{"line":145,"column":6},"end":{"line":175,"column":7}}],"line":145},"27":{"loc":{"start":{"line":148,"column":8},"end":{"line":174,"column":9}},"type":"if","locations":[{"start":{"line":148,"column":8},"end":{"line":174,"column":9}},{"start":{"line":148,"column":8},"end":{"line":174,"column":9}}],"line":148},"28":{"loc":{"start":{"line":156,"column":10},"end":{"line":164,"column":11}},"type":"if","locations":[{"start":{"line":156,"column":10},"end":{"line":164,"column":11}},{"start":{"line":156,"column":10},"end":{"line":164,"column":11}}],"line":156},"29":{"loc":{"start":{"line":158,"column":17},"end":{"line":164,"column":11}},"type":"if","locations":[{"start":{"line":158,"column":17},"end":{"line":164,"column":11}},{"start":{"line":158,"column":17},"end":{"line":164,"column":11}}],"line":158},"30":{"loc":{"start":{"line":160,"column":17},"end":{"line":164,"column":11}},"type":"if","locations":[{"start":{"line":160,"column":17},"end":{"line":164,"column":11}},{"start":{"line":160,"column":17},"end":{"line":164,"column":11}}],"line":160},"31":{"loc":{"start":{"line":171,"column":10},"end":{"line":173,"column":11}},"type":"if","locations":[{"start":{"line":171,"column":10},"end":{"line":173,"column":11}},{"start":{"line":171,"column":10},"end":{"line":173,"column":11}}],"line":171},"32":{"loc":{"start":{"line":180,"column":8},"end":{"line":182,"column":9}},"type":"if","locations":[{"start":{"line":180,"column":8},"end":{"line":182,"column":9}},{"start":{"line":180,"column":8},"end":{"line":182,"column":9}}],"line":180},"33":{"loc":{"start":{"line":186,"column":8},"end":{"line":188,"column":9}},"type":"if","locations":[{"start":{"line":186,"column":8},"end":{"line":188,"column":9}},{"start":{"line":186,"column":8},"end":{"line":188,"column":9}}],"line":186},"34":{"loc":{"start":{"line":186,"column":12},"end":{"line":186,"column":55}},"type":"binary-expr","locations":[{"start":{"line":186,"column":12},"end":{"line":186,"column":39}},{"start":{"line":186,"column":43},"end":{"line":186,"column":55}}],"line":186},"35":{"loc":{"start":{"line":189,"column":8},"end":{"line":195,"column":9}},"type":"if","locations":[{"start":{"line":189,"column":8},"end":{"line":195,"column":9}},{"start":{"line":189,"column":8},"end":{"line":195,"column":9}}],"line":189},"36":{"loc":{"start":{"line":193,"column":14},"end":{"line":193,"column":63}},"type":"cond-expr","locations":[{"start":{"line":193,"column":38},"end":{"line":193,"column":49}},{"start":{"line":193,"column":52},"end":{"line":193,"column":63}}],"line":193},"37":{"loc":{"start":{"line":197,"column":8},"end":{"line":200,"column":9}},"type":"if","locations":[{"start":{"line":197,"column":8},"end":{"line":200,"column":9}},{"start":{"line":197,"column":8},"end":{"line":200,"column":9}}],"line":197},"38":{"loc":{"start":{"line":197,"column":12},"end":{"line":197,"column":57}},"type":"binary-expr","locations":[{"start":{"line":197,"column":12},"end":{"line":197,"column":26}},{"start":{"line":197,"column":30},"end":{"line":197,"column":57}}],"line":197},"39":{"loc":{"start":{"line":201,"column":8},"end":{"line":214,"column":9}},"type":"if","locations":[{"start":{"line":201,"column":8},"end":{"line":214,"column":9}},{"start":{"line":201,"column":8},"end":{"line":214,"column":9}}],"line":201},"40":{"loc":{"start":{"line":203,"column":15},"end":{"line":214,"column":9}},"type":"if","locations":[{"start":{"line":203,"column":15},"end":{"line":214,"column":9}},{"start":{"line":203,"column":15},"end":{"line":214,"column":9}}],"line":203},"41":{"loc":{"start":{"line":204,"column":10},"end":{"line":206,"column":11}},"type":"if","locations":[{"start":{"line":204,"column":10},"end":{"line":206,"column":11}},{"start":{"line":204,"column":10},"end":{"line":206,"column":11}}],"line":204},"42":{"loc":{"start":{"line":209,"column":15},"end":{"line":214,"column":9}},"type":"if","locations":[{"start":{"line":209,"column":15},"end":{"line":214,"column":9}},{"start":{"line":209,"column":15},"end":{"line":214,"column":9}}],"line":209},"43":{"loc":{"start":{"line":212,"column":15},"end":{"line":214,"column":9}},"type":"if","locations":[{"start":{"line":212,"column":15},"end":{"line":214,"column":9}},{"start":{"line":212,"column":15},"end":{"line":214,"column":9}}],"line":212},"44":{"loc":{"start":{"line":215,"column":8},"end":{"line":217,"column":9}},"type":"if","locations":[{"start":{"line":215,"column":8},"end":{"line":217,"column":9}},{"start":{"line":215,"column":8},"end":{"line":217,"column":9}}],"line":215},"45":{"loc":{"start":{"line":220,"column":10},"end":{"line":222,"column":23}},"type":"cond-expr","locations":[{"start":{"line":221,"column":14},"end":{"line":221,"column":38}},{"start":{"line":222,"column":14},"end":{"line":222,"column":23}}],"line":220},"46":{"loc":{"start":{"line":220,"column":10},"end":{"line":220,"column":54}},"type":"binary-expr","locations":[{"start":{"line":220,"column":10},"end":{"line":220,"column":26}},{"start":{"line":220,"column":30},"end":{"line":220,"column":54}}],"line":220},"47":{"loc":{"start":{"line":226,"column":32},"end":{"line":226,"column":61}},"type":"cond-expr","locations":[{"start":{"line":226,"column":53},"end":{"line":226,"column":55}},{"start":{"line":226,"column":58},"end":{"line":226,"column":61}}],"line":226},"48":{"loc":{"start":{"line":228,"column":8},"end":{"line":230,"column":9}},"type":"if","locations":[{"start":{"line":228,"column":8},"end":{"line":230,"column":9}},{"start":{"line":228,"column":8},"end":{"line":230,"column":9}}],"line":228},"49":{"loc":{"start":{"line":228,"column":12},"end":{"line":228,"column":57}},"type":"binary-expr","locations":[{"start":{"line":228,"column":12},"end":{"line":228,"column":30}},{"start":{"line":228,"column":34},"end":{"line":228,"column":57}}],"line":228},"50":{"loc":{"start":{"line":234,"column":28},"end":{"line":234,"column":57}},"type":"cond-expr","locations":[{"start":{"line":234,"column":45},"end":{"line":234,"column":47}},{"start":{"line":234,"column":50},"end":{"line":234,"column":57}}],"line":234},"51":{"loc":{"start":{"line":244,"column":10},"end":{"line":254,"column":11}},"type":"if","locations":[{"start":{"line":244,"column":10},"end":{"line":254,"column":11}},{"start":{"line":244,"column":10},"end":{"line":254,"column":11}}],"line":244},"52":{"loc":{"start":{"line":245,"column":12},"end":{"line":249,"column":13}},"type":"if","locations":[{"start":{"line":245,"column":12},"end":{"line":249,"column":13}},{"start":{"line":245,"column":12},"end":{"line":249,"column":13}}],"line":245},"53":{"loc":{"start":{"line":245,"column":16},"end":{"line":245,"column":60}},"type":"binary-expr","locations":[{"start":{"line":245,"column":16},"end":{"line":245,"column":36}},{"start":{"line":245,"column":40},"end":{"line":245,"column":60}}],"line":245},"54":{"loc":{"start":{"line":263,"column":6},"end":{"line":265,"column":7}},"type":"if","locations":[{"start":{"line":263,"column":6},"end":{"line":265,"column":7}},{"start":{"line":263,"column":6},"end":{"line":265,"column":7}}],"line":263},"55":{"loc":{"start":{"line":271,"column":4},"end":{"line":273,"column":10}},"type":"cond-expr","locations":[{"start":{"line":272,"column":8},"end":{"line":272,"column":34}},{"start":{"line":273,"column":8},"end":{"line":273,"column":10}}],"line":271},"56":{"loc":{"start":{"line":271,"column":4},"end":{"line":271,"column":52}},"type":"binary-expr","locations":[{"start":{"line":271,"column":4},"end":{"line":271,"column":22}},{"start":{"line":271,"column":26},"end":{"line":271,"column":52}}],"line":271}},"s":{"0":2,"1":2,"2":2,"3":2,"4":2,"5":2,"6":2,"7":2,"8":2,"9":2,"10":2,"11":8,"12":8,"13":18,"14":2,"15":8,"16":18,"17":18,"18":8,"19":10,"20":10,"21":10,"22":4,"23":10,"24":10,"25":10,"26":4,"27":10,"28":10,"29":0,"30":0,"31":0,"32":0,"33":0,"34":0,"35":10,"36":10,"37":10,"38":4,"39":10,"40":0,"41":0,"42":0,"43":10,"44":0,"45":10,"46":10,"47":2,"48":10,"49":10,"50":10,"51":10,"52":4,"53":4,"54":4,"55":4,"56":4,"57":4,"58":2,"59":2,"60":2,"61":0,"62":0,"63":4,"64":4,"65":4,"66":2,"67":10,"68":10,"69":26,"70":0,"71":26,"72":0,"73":26,"74":2,"75":2,"76":26,"77":26,"78":0,"79":0,"80":26,"81":12,"82":14,"83":10,"84":0,"85":10,"86":10,"87":4,"88":0,"89":0,"90":4,"91":0,"92":26,"93":2,"94":26,"95":26,"96":26,"97":26,"98":26,"99":2,"100":26,"101":10,"102":10,"103":10,"104":10,"105":10,"106":10,"107":10,"108":16,"109":16,"110":16,"111":16,"112":16,"113":8,"114":0,"115":10,"116":10,"117":10,"118":8,"119":10,"120":2,"121":2,"122":2,"123":2,"124":2},"f":{"0":2,"1":8,"2":18,"3":18,"4":4,"5":0,"6":26,"7":16,"8":16,"9":10,"10":2},"b":{"0":[2,0],"1":[2,2],"2":[2,2],"3":[2,2],"4":[0,2],"5":[2,0,0,0],"6":[2,16],"7":[8,10],"8":[18,18],"9":[10,0],"10":[10,0],"11":[10,0],"12":[4,6],"13":[10,0],"14":[0,10],"15":[0,0],"16":[10,10],"17":[10,10],"18":[4,6],"19":[10,4],"20":[0,10],"21":[10,4],"22":[0,0],"23":[0,10],"24":[10,4],"25":[2,8],"26":[4,6],"27":[4,0],"28":[2,2],"29":[2,0],"30":[0,0],"31":[2,2],"32":[0,26],"33":[0,26],"34":[26,0],"35":[2,24],"36":[0,2],"37":[0,26],"38":[26,0],"39":[12,14],"40":[10,4],"41":[0,10],"42":[0,4],"43":[0,4],"44":[2,24],"45":[4,22],"46":[26,26],"47":[14,12],"48":[2,24],"49":[26,14],"50":[2,8],"51":[16,0],"52":[8,8],"53":[16,12],"54":[8,2],"55":[2,0],"56":[2,2]},"_coverageSchema":"1a1c01bbd47fc00a2c39e90264f33305004495a9","hash":"815fa944fc528abcb6490a5c2c7e8242f777ca17"}
}
