TN:
SF:lib/cli.js
FN:19,(anonymous_0)
FN:43,(anonymous_1)
FN:54,(anonymous_2)
FN:58,(anonymous_3)
FNF:4
FNH:0
FNDA:0,(anonymous_0)
FNDA:0,(anonymous_1)
FNDA:0,(anonymous_2)
FNDA:0,(anonymous_3)
DA:1,0
DA:2,0
DA:3,0
DA:4,0
DA:5,0
DA:7,0
DA:20,0
DA:21,0
DA:22,0
DA:23,0
DA:25,0
DA:27,0
DA:29,0
DA:30,0
DA:31,0
DA:35,0
DA:37,0
DA:38,0
DA:42,0
DA:44,0
DA:45,0
DA:47,0
DA:48,0
DA:49,0
DA:51,0
DA:55,0
DA:56,0
DA:59,0
DA:60,0
DA:65,0
DA:67,0
LF:31
LH:0
BRDA:27,0,0,0
BRDA:27,0,1,0
BRDA:44,1,0,0
BRDA:44,1,1,0
BRF:4
BRH:0
end_of_record
TN:
SF:lib/codegen.js
FN:11,(anonymous_0)
FN:25,(anonymous_1)
FNF:2
FNH:2
FNDA:5,(anonymous_0)
FNDA:4,(anonymous_1)
DA:3,2
DA:4,2
DA:5,2
DA:6,2
DA:7,2
DA:8,2
DA:9,2
DA:11,2
DA:12,5
DA:13,5
DA:14,1
DA:17,4
DA:19,4
DA:25,2
DA:26,4
DA:28,4
DA:29,4
DA:30,2
DA:31,2
DA:32,2
DA:34,4
DA:35,0
DA:40,0
DA:45,4
DA:46,4
DA:48,4
DA:49,4
DA:55,4
DA:61,4
DA:62,2
DA:68,4
DA:69,0
DA:72,4
DA:74,4
DA:81,2
DA:82,2
LF:36
LH:33
BRDA:13,0,0,1
BRDA:13,0,1,4
BRDA:29,1,0,2
BRDA:29,1,1,2
BRDA:31,2,0,2
BRDA:31,2,1,0
BRDA:34,3,0,0
BRDA:34,3,1,4
BRDA:35,4,0,0
BRDA:35,4,1,0
BRDA:36,5,0,0
BRDA:36,5,1,0
BRDA:36,5,2,0
BRDA:45,6,0,4
BRDA:45,6,1,0
BRDA:50,7,0,4
BRDA:50,7,1,4
BRDA:56,8,0,4
BRDA:56,8,1,4
BRDA:61,9,0,2
BRDA:61,9,1,2
BRDA:63,10,0,2
BRDA:63,10,1,2
BRDA:68,11,0,0
BRDA:68,11,1,4
BRDA:75,12,0,2
BRDA:75,12,1,2
BRF:27
BRH:18
end_of_record
TN:
SF:lib/typescript.js
FN:14,convertType
FN:30,(anonymous_1)
FN:51,(anonymous_2)
FN:79,(anonymous_3)
FN:81,(anonymous_4)
FN:87,(anonymous_5)
FN:91,(anonymous_6)
FN:107,(anonymous_7)
FN:122,(anonymous_8)
FNF:9
FNH:8
FNDA:288,convertType
FNDA:8,(anonymous_1)
FNDA:40,(anonymous_2)
FNDA:4,(anonymous_3)
FNDA:2,(anonymous_4)
FNDA:4,(anonymous_5)
FNDA:0,(anonymous_6)
FNDA:4,(anonymous_7)
FNDA:104,(anonymous_8)
DA:3,2
DA:15,288
DA:21,288
DA:22,60
DA:23,228
DA:24,6
DA:25,6
DA:28,222
DA:29,4
DA:31,8
DA:34,4
DA:35,4
DA:36,218
DA:37,2
DA:38,216
DA:39,2
DA:40,214
DA:41,100
DA:42,114
DA:43,16
DA:44,98
DA:45,0
DA:46,98
DA:47,22
DA:48,22
DA:49,76
DA:50,20
DA:52,40
DA:53,10
DA:55,30
DA:56,0
DA:58,30
DA:61,20
DA:62,20
DA:67,56
DA:72,0
DA:74,56
DA:75,56
DA:76,56
DA:78,2
DA:79,2
DA:80,4
DA:81,2
DA:82,2
DA:87,2
DA:88,4
DA:89,0
DA:90,0
DA:91,0
DA:95,0
DA:96,0
DA:97,0
DA:104,4
DA:107,4
DA:108,4
DA:109,2
DA:111,4
DA:114,4
DA:122,56
DA:123,104
DA:124,104
DA:126,104
DA:127,104
DA:131,14
DA:134,104
DA:143,228
DA:144,228
DA:145,228
DA:146,228
DA:150,228
DA:153,2
LF:71
LH:62
BRDA:21,0,0,60
BRDA:21,0,1,228
BRDA:23,1,0,6
BRDA:23,1,1,222
BRDA:28,2,0,4
BRDA:28,2,1,218
BRDA:36,3,0,2
BRDA:36,3,1,216
BRDA:36,4,0,218
BRDA:36,4,1,102
BRDA:38,5,0,2
BRDA:38,5,1,214
BRDA:40,6,0,100
BRDA:40,6,1,114
BRDA:42,7,0,16
BRDA:42,7,1,98
BRDA:42,8,0,114
BRDA:42,8,1,114
BRDA:44,9,0,0
BRDA:44,9,1,98
BRDA:46,10,0,22
BRDA:46,10,1,76
BRDA:49,11,0,20
BRDA:49,11,1,56
BRDA:52,12,0,10
BRDA:52,12,1,30
BRDA:55,13,0,0
BRDA:55,13,1,30
BRDA:55,14,0,30
BRDA:55,14,1,30
BRDA:67,15,0,0
BRDA:67,15,1,56
BRDA:68,16,0,56
BRDA:68,16,1,0
BRDA:68,16,2,0
BRDA:76,17,0,2
BRDA:76,17,1,54
BRDA:80,18,0,2
BRDA:80,18,1,2
BRDA:88,19,0,0
BRDA:88,19,1,4
BRDA:95,20,0,0
BRDA:95,20,1,0
BRDA:108,21,0,2
BRDA:108,21,1,2
BRDA:127,22,0,14
BRDA:127,22,1,90
BRDA:128,23,0,104
BRDA:128,23,1,32
BRDA:147,24,0,228
BRDA:147,24,1,204
BRF:51
BRH:43
end_of_record
TN:
SF:lib/utilities.js
FN:1,matchRuleShort
FN:5,filterTagsF
FN:7,(anonymous_2)
FN:14,getVersion
FN:29,filterSwaggerPathsByTags
FN:31,(anonymous_5)
FN:33,(anonymous_6)
FN:43,(anonymous_7)
FN:47,(anonymous_8)
FN:49,(anonymous_9)
FN:50,(anonymous_10)
FN:76,(anonymous_11)
FN:80,(anonymous_12)
FN:89,(anonymous_13)
FNF:14
FNH:12
FNDA:48,matchRuleShort
FNDA:46,filterTagsF
FNDA:48,(anonymous_2)
FNDA:4,getVersion
FNDA:9,filterSwaggerPathsByTags
FNDA:24,(anonymous_5)
FNDA:46,(anonymous_6)
FNDA:46,(anonymous_7)
FNDA:26,(anonymous_8)
FNDA:24,(anonymous_9)
FNDA:46,(anonymous_10)
FNDA:18,(anonymous_11)
FNDA:0,(anonymous_12)
FNDA:0,(anonymous_13)
DA:2,48
DA:6,46
DA:7,46
DA:8,48
DA:11,0
DA:15,4
DA:16,2
DA:18,2
DA:22,2
DA:23,2
DA:26,0
DA:30,9
DA:32,24
DA:34,46
DA:35,46
DA:36,37
DA:38,46
DA:39,43
DA:41,3
DA:43,46
DA:45,24
DA:47,26
DA:49,9
DA:50,24
DA:51,46
DA:52,46
DA:53,44
DA:55,2
DA:58,24
DA:65,2
DA:68,22
DA:71,9
DA:76,3
DA:77,18
DA:80,3
DA:81,0
DA:82,0
DA:86,0
DA:88,0
DA:89,0
DA:90,0
DA:91,0
DA:96,0
DA:98,0
DA:99,0
DA:102,3
LF:46
LH:34
BRDA:6,0,0,46
BRDA:6,0,1,0
BRDA:15,1,0,2
BRDA:15,1,1,2
BRDA:18,2,0,2
BRDA:18,2,1,0
BRDA:19,3,0,2
BRDA:19,3,1,2
BRDA:22,4,0,2
BRDA:22,4,1,0
BRDA:35,5,0,37
BRDA:35,5,1,9
BRDA:38,6,0,43
BRDA:38,6,1,3
BRDA:52,7,0,44
BRDA:52,7,1,2
BRDA:52,8,0,46
BRDA:52,8,1,28
BRDA:58,9,0,2
BRDA:58,9,1,22
BRDA:59,10,0,24
BRDA:59,10,1,7
BRDA:59,10,2,2
BRDA:59,10,3,2
BRDA:59,10,4,2
BRDA:81,11,0,0
BRDA:81,11,1,0
BRDA:81,12,0,0
BRDA:81,12,1,0
BRDA:90,13,0,0
BRDA:90,13,1,0
BRDA:90,14,0,0
BRDA:90,14,1,0
BRF:33
BRH:22
end_of_record
TN:
SF:lib/views/swagger2.js
FN:6,(anonymous_0)
FN:45,(anonymous_1)
FN:51,(anonymous_2)
FN:56,(anonymous_3)
FN:67,(anonymous_4)
FN:125,(anonymous_5)
FN:135,(anonymous_6)
FN:150,(anonymous_7)
FN:215,(anonymous_8)
FN:230,(anonymous_9)
FNF:10
FNH:10
FNDA:2,(anonymous_0)
FNDA:6,(anonymous_1)
FNDA:14,(anonymous_2)
FNDA:14,(anonymous_3)
FNDA:4,(anonymous_4)
FNDA:6,(anonymous_5)
FNDA:4,(anonymous_6)
FNDA:26,(anonymous_7)
FNDA:18,(anonymous_8)
FNDA:2,(anonymous_9)
DA:1,2
DA:2,2
DA:3,2
DA:4,2
DA:6,2
DA:7,2
DA:8,2
DA:9,2
DA:25,2
DA:45,2
DA:46,6
DA:51,6
DA:52,14
DA:53,2
DA:56,6
DA:57,14
DA:58,14
DA:59,6
DA:61,8
DA:62,8
DA:66,8
DA:68,4
DA:71,8
DA:72,8
DA:73,8
DA:74,4
DA:79,8
DA:83,8
DA:84,0
DA:85,0
DA:86,0
DA:87,0
DA:89,0
DA:90,0
DA:95,8
DA:97,8
DA:114,8
DA:115,4
DA:117,8
DA:118,0
DA:120,8
DA:121,0
DA:123,8
DA:124,8
DA:125,6
DA:126,6
DA:133,8
DA:134,8
DA:135,4
DA:136,4
DA:143,8
DA:144,8
DA:145,6
DA:147,8
DA:148,8
DA:149,8
DA:150,8
DA:152,26
DA:153,0
DA:158,26
DA:159,0
DA:161,26
DA:162,2
DA:163,2
DA:168,26
DA:169,26
DA:170,0
DA:171,0
DA:173,26
DA:174,2
DA:175,2
DA:176,24
DA:177,12
DA:178,12
DA:179,10
DA:180,0
DA:181,0
DA:183,10
DA:184,2
DA:185,0
DA:186,2
DA:187,2
DA:188,2
DA:189,2
DA:193,26
DA:194,2
DA:197,26
DA:199,26
DA:201,26
DA:202,6
DA:205,26
DA:207,26
DA:210,8
DA:212,8
DA:213,8
DA:214,8
DA:215,8
DA:216,18
DA:217,6
DA:221,18
DA:223,8
DA:224,6
DA:226,8
DA:230,2
DA:231,2
DA:238,2
DA:241,2
LF:107
LH:92
BRDA:26,0,0,2
BRDA:26,0,1,2
BRDA:27,1,0,2
BRDA:27,1,1,2
BRDA:32,2,0,0
BRDA:32,2,1,2
BRDA:32,3,0,2
BRDA:32,3,1,0
BRDA:32,3,2,0
BRDA:32,3,3,0
BRDA:52,4,0,2
BRDA:52,4,1,12
BRDA:58,5,0,6
BRDA:58,5,1,8
BRDA:58,6,0,14
BRDA:58,6,1,14
BRDA:62,7,0,8
BRDA:62,7,1,0
BRDA:63,8,0,8
BRDA:63,8,1,0
BRDA:71,9,0,8
BRDA:71,9,1,0
BRDA:73,10,0,4
BRDA:73,10,1,4
BRDA:79,11,0,8
BRDA:79,11,1,0
BRDA:83,12,0,0
BRDA:83,12,1,8
BRDA:86,13,0,0
BRDA:86,13,1,0
BRDA:105,14,0,8
BRDA:105,14,1,6
BRDA:107,15,0,8
BRDA:107,15,1,8
BRDA:114,16,0,4
BRDA:114,16,1,4
BRDA:114,17,0,8
BRDA:114,17,1,4
BRDA:117,18,0,0
BRDA:117,18,1,8
BRDA:117,19,0,8
BRDA:117,19,1,4
BRDA:120,20,0,0
BRDA:120,20,1,8
BRDA:120,21,0,8
BRDA:120,21,1,4
BRDA:123,22,0,8
BRDA:123,22,1,2
BRDA:124,23,0,6
BRDA:124,23,1,2
BRDA:133,24,0,8
BRDA:133,24,1,4
BRDA:134,25,0,4
BRDA:134,25,1,4
BRDA:144,26,0,6
BRDA:144,26,1,2
BRDA:152,27,0,0
BRDA:152,27,1,26
BRDA:158,28,0,0
BRDA:158,28,1,26
BRDA:158,29,0,26
BRDA:158,29,1,0
BRDA:161,30,0,2
BRDA:161,30,1,24
BRDA:165,31,0,0
BRDA:165,31,1,2
BRDA:169,32,0,0
BRDA:169,32,1,26
BRDA:169,33,0,26
BRDA:169,33,1,2
BRDA:173,34,0,2
BRDA:173,34,1,24
BRDA:176,35,0,12
BRDA:176,35,1,12
BRDA:178,36,0,10
BRDA:178,36,1,2
BRDA:179,37,0,0
BRDA:179,37,1,10
BRDA:184,38,0,0
BRDA:184,38,1,2
BRDA:186,39,0,2
BRDA:186,39,1,0
BRDA:193,40,0,2
BRDA:193,40,1,24
BRDA:199,41,0,18
BRDA:199,41,1,8
BRDA:201,42,0,6
BRDA:201,42,1,20
BRDA:201,43,0,26
BRDA:201,43,1,18
BRDA:210,44,0,6
BRDA:210,44,1,2
BRDA:216,45,0,6
BRDA:216,45,1,12
BRDA:216,46,0,18
BRDA:216,46,1,14
BRDA:223,47,0,6
BRDA:223,47,1,2
BRF:98
BRH:77
end_of_record
TN:
SF:lib/views/swagger3.js
FN:6,(anonymous_0)
FN:51,(anonymous_1)
FN:57,(anonymous_2)
FN:62,(anonymous_3)
FN:73,(anonymous_4)
FN:127,(anonymous_5)
FN:178,(anonymous_6)
FN:240,(anonymous_7)
FN:242,(anonymous_8)
FN:257,(anonymous_9)
FN:275,(anonymous_10)
FNF:11
FNH:10
FNDA:2,(anonymous_0)
FNDA:8,(anonymous_1)
FNDA:18,(anonymous_2)
FNDA:18,(anonymous_3)
FNDA:4,(anonymous_4)
FNDA:0,(anonymous_5)
FNDA:26,(anonymous_6)
FNDA:16,(anonymous_7)
FNDA:16,(anonymous_8)
FNDA:10,(anonymous_9)
FNDA:2,(anonymous_10)
DA:1,2
DA:2,2
DA:3,2
DA:4,2
DA:6,2
DA:7,2
DA:8,2
DA:9,2
DA:27,2
DA:31,2
DA:51,2
DA:52,8
DA:57,8
DA:58,18
DA:59,2
DA:62,8
DA:63,18
DA:64,18
DA:65,8
DA:67,10
DA:68,10
DA:72,10
DA:74,4
DA:77,10
DA:78,10
DA:79,10
DA:80,4
DA:85,10
DA:89,10
DA:90,0
DA:91,0
DA:92,0
DA:93,0
DA:95,0
DA:96,0
DA:101,10
DA:103,10
DA:120,10
DA:121,4
DA:123,10
DA:124,0
DA:125,0
DA:127,0
DA:131,10
DA:132,0
DA:136,10
DA:137,10
DA:138,2
DA:140,10
DA:142,10
DA:143,10
DA:145,10
DA:146,4
DA:147,4
DA:148,4
DA:150,4
DA:151,4
DA:156,4
DA:157,2
DA:158,2
DA:159,2
DA:160,0
DA:163,0
DA:165,4
DA:167,4
DA:171,4
DA:172,2
DA:177,10
DA:178,10
DA:180,26
DA:181,0
DA:186,26
DA:187,0
DA:189,26
DA:190,2
DA:191,2
DA:196,26
DA:197,26
DA:198,0
DA:199,0
DA:201,26
DA:202,12
DA:203,14
DA:204,10
DA:205,0
DA:207,10
DA:208,10
DA:209,4
DA:210,0
DA:211,0
DA:212,4
DA:213,0
DA:215,26
DA:216,2
DA:218,26
DA:219,26
DA:224,26
DA:226,26
DA:228,26
DA:229,2
DA:231,26
DA:234,10
DA:235,10
DA:236,10
DA:237,10
DA:238,10
DA:239,10
DA:240,10
DA:241,16
DA:242,16
DA:243,16
DA:244,16
DA:245,16
DA:246,8
DA:251,0
DA:257,10
DA:258,10
DA:263,10
DA:264,8
DA:266,10
DA:271,2
DA:275,2
DA:276,2
DA:283,2
DA:286,2
LF:125
LH:104
BRDA:27,0,0,2
BRDA:27,0,1,0
BRDA:27,1,0,2
BRDA:27,1,1,2
BRDA:32,2,0,2
BRDA:32,2,1,2
BRDA:33,3,0,2
BRDA:33,3,1,2
BRDA:38,4,0,0
BRDA:38,4,1,2
BRDA:38,5,0,2
BRDA:38,5,1,0
BRDA:38,5,2,0
BRDA:38,5,3,0
BRDA:58,6,0,2
BRDA:58,6,1,16
BRDA:64,7,0,8
BRDA:64,7,1,10
BRDA:64,8,0,18
BRDA:64,8,1,18
BRDA:68,9,0,10
BRDA:68,9,1,0
BRDA:69,10,0,10
BRDA:69,10,1,0
BRDA:77,11,0,10
BRDA:77,11,1,0
BRDA:79,12,0,4
BRDA:79,12,1,6
BRDA:85,13,0,10
BRDA:85,13,1,0
BRDA:89,14,0,0
BRDA:89,14,1,10
BRDA:92,15,0,0
BRDA:92,15,1,0
BRDA:111,16,0,10
BRDA:111,16,1,10
BRDA:113,17,0,10
BRDA:113,17,1,10
BRDA:120,18,0,4
BRDA:120,18,1,6
BRDA:120,19,0,10
BRDA:120,19,1,4
BRDA:123,20,0,0
BRDA:123,20,1,10
BRDA:123,21,0,10
BRDA:123,21,1,4
BRDA:126,22,0,0
BRDA:126,22,1,0
BRDA:131,23,0,0
BRDA:131,23,1,10
BRDA:131,24,0,10
BRDA:131,24,1,4
BRDA:137,25,0,2
BRDA:137,25,1,8
BRDA:145,26,0,4
BRDA:145,26,1,6
BRDA:148,27,0,4
BRDA:148,27,1,0
BRDA:156,28,0,2
BRDA:156,28,1,2
BRDA:158,29,0,2
BRDA:158,29,1,0
BRDA:160,30,0,0
BRDA:160,30,1,0
BRDA:171,31,0,2
BRDA:171,31,1,2
BRDA:180,32,0,0
BRDA:180,32,1,26
BRDA:186,33,0,0
BRDA:186,33,1,26
BRDA:186,34,0,26
BRDA:186,34,1,0
BRDA:189,35,0,2
BRDA:189,35,1,24
BRDA:193,36,0,0
BRDA:193,36,1,2
BRDA:197,37,0,0
BRDA:197,37,1,26
BRDA:197,38,0,26
BRDA:197,38,1,0
BRDA:201,39,0,12
BRDA:201,39,1,14
BRDA:203,40,0,10
BRDA:203,40,1,4
BRDA:204,41,0,0
BRDA:204,41,1,10
BRDA:209,42,0,0
BRDA:209,42,1,4
BRDA:212,43,0,0
BRDA:212,43,1,4
BRDA:215,44,0,2
BRDA:215,44,1,24
BRDA:220,45,0,4
BRDA:220,45,1,22
BRDA:220,46,0,26
BRDA:220,46,1,26
BRDA:226,47,0,14
BRDA:226,47,1,12
BRDA:228,48,0,2
BRDA:228,48,1,24
BRDA:228,49,0,26
BRDA:228,49,1,14
BRDA:234,50,0,2
BRDA:234,50,1,8
BRDA:244,51,0,16
BRDA:244,51,1,0
BRDA:245,52,0,8
BRDA:245,52,1,8
BRDA:245,53,0,16
BRDA:245,53,1,12
BRDA:263,54,0,8
BRDA:263,54,1,2
BRDA:271,55,0,2
BRDA:271,55,1,0
BRDA:271,56,0,2
BRDA:271,56,1,2
BRF:116
BRH:85
end_of_record
